[2026-05-29 02:35:33.825] [INFO ] [TR] GlobalRegistry: fixed_using_gpu set to false
Device: CPU
[2026-05-29 02:35:33.825] [INFO ] [TR] GlobalRegistry: fixed_reproducibility_insurance set to true
Random Seed: 0x000000000000002A
[2026-05-29 02:35:33.825] [INFO ] [TR] GlobalRegistry: fixed_batch_size set to 199
[2026-05-29 02:35:33.825] [INFO ] [TR] GlobalRegistry: fixed_max_sample_resolution_ updated to 28
[2026-05-29 02:35:33.825] [INFO ] [TR] GlobalRegistry: fixed_train_sample_resolution_begin_ and end_ set to 28
[2026-05-29 02:35:33.825] [INFO ] [TR] GlobalRegistry: fixed_using_progressive_resolution set to false
[2026-05-29 02:35:33.825] [INFO ] [TR] GlobalRegistry: fixed_val_sample_resolution_ set to 28
[2026-05-29 02:35:33.825] [INFO ] [TR] GlobalRegistry: fixed_dataset_type set to 2
[2026-05-29 02:35:33.825] [INFO ] [TR] GlobalRegistry: fixed_num_classes automatically set to 10 based on dataset type 2
[2026-05-29 02:35:33.825] [INFO ] [TR] GlobalRegistry: fixed_num_load_workers set to 1
[2026-05-29 02:35:33.825] [INFO ] [TR] GlobalRegistry: fixed_num_preproc_workers set to 4
[2026-05-29 02:35:33.825] [INFO ] [TR] GlobalRegistry: fixed_shuffle_train set to true
[2026-05-29 02:35:33.825] [INFO ] [TR] Configuring MnistLoaderRaw
[2026-05-29 02:35:33.825] [INFO ] [TR]   Preprocessor workers (M): 4
[2026-05-29 02:35:33.825] [INFO ] [TR]   Train path: T:\dataset\mnist
[2026-05-29 02:35:33.825] [INFO ] [TR]   Val path: T:\dataset\mnist
[2026-05-29 02:35:33.825] [INFO ] [TR]   Shuffle train: true
[2026-05-29 02:35:33.825] [INFO ] [TR]   Shuffle val: false
[2026-05-29 02:35:33.825] [INFO ] [TR]   Verify files: false
[2026-05-29 02:35:33.825] [INFO ] [TR] Configuration completed
[2026-05-29 02:35:33.825] [INFO ] [TR] GlobalRegistry: alterable_train_crop_output_ set to 28
[2026-05-29 02:35:33.825] [INFO ] [TR] GlobalRegistry: alterable_train_resize_output_ set to 28
[2026-05-29 02:35:33.825] [INFO ] [TR] GlobalRegistry: alterable_val_crop_output_ set to 28
[2026-05-29 02:35:33.825] [INFO ] [TR] GlobalRegistry: alterable_val_resize_output_ set to 28
[2026-05-29 02:35:33.825] [INFO ] [TR] GlobalRegistry: alterable_current_resolution_train_ set to 28
[2026-05-29 02:35:33.825] [INFO ] [TR] GlobalRegistry: alterable_current_resolution_val_ set to 28
[2026-05-29 02:35:33.825] [INFO ] [TR] GlobalRegistry: fixed_num_color_channels set to 1
[2026-05-29 02:35:33.825] [INFO ] [TR] GlobalRegistry: fixed_sdmp_factor set to 1
[2026-05-29 02:35:33.825] [INFO ] [TR] GlobalRegistry: fixed_using_cpvs set to false
[2026-05-29 02:35:33.825] [INFO ] [TR] GlobalRegistry: fixed_using_drop_last set to false
[2026-05-29 02:35:33.825] [INFO ] [TR] Setup: staging buffer = 1 MB per GPU (28x28x1, batch=199, FP32)
[2026-05-29 02:35:33.826] [INFO ] [TR] StagingBufferPool: allocated 1 blocks of 1 MB each
[StagingDebug] StagingBufferPool created: blocks=1, per_block=1MB, type=normal (malloc, PC_CUDA)
[StagingDebug]   RANK[0]: GPU=-1, NUMA=-1, base=000004CA00040000, size=1250304B
[2026-05-29 02:35:33.826] [INFO ] [TR] GlobalRegistry: Staging buffer pool created with 1 blocks, 1 MB each
[2026-05-29 02:35:33.826] [INFO ] [TR] GlobalRegistry: fixed_cpu_binding_enabled set to false
[2026-05-29 02:35:33.826] [INFO ] [TR] GlobalRegistry: fixed_random_erasing_p_ set to 0
[2026-05-29 02:35:33.826] [INFO ] [TR] GlobalRegistry: fixed_train_with_rhf set to false
[2026-05-29 02:35:33.826] [INFO ] [TR] GlobalRegistry: fixed_val_with_rhf set to false
[2026-05-29 02:35:33.826] [INFO ] [TR] Calculated steps_per_epoch: 302 (total_samples: 60000, global_batch_size: 199)
[2026-05-29 02:35:33.826] [INFO ] [TR] GlobalRegistry: fixed_s_original_indices_ set with size=15000
[2026-05-29 02:35:33.826] [INFO ] [TR] [EB#0] Using StagingBufferPool RANK 0: per_zone=625152, base=000004CA00040000
[2026-05-29 02:35:33.826] [INFO ] [TR] [EB#0] Before staging_memory_numa_node call
[2026-05-29 02:35:33.826] [INFO ] [TR] [EB#0] After staging_memory_numa_node call, numa_node=-1
[StagingDebug] TransferStation configured: engine_id=0, numa_node=-1, workers_per_engine=4
[StagingDebug]   associated_workers=[0, 1, 2, 3]
[StagingDebug]   Zone A: labels=000004CA00040000, data=000004CA00040400
[StagingDebug]   Zone B: labels=000004CA000D8A00, data=000004CA000D8E00
[StagingDebug]   transfer_size=625152B (labels=1024B, data=624128B)
[2026-05-29 02:35:33.827] [INFO ] [TR] [EB#0] reset_and_update(): phase=VAL, current_resolution_=28, num_color_channels_=1, current_sample_bytes_=3136
[2026-05-29 02:35:33.827] [INFO ] [TR] Preprocessor initialized.
[2026-05-29 02:35:33.827] [INFO ] [TR] GlobalRegistry: fixed_optimizer_kind set to 1

=====================================
 Mode: CPU  [FP32]
=====================================
[2026-05-29 02:35:33.827] [INFO ] [TR] Compiler::compile - starting five-phase compilation
[2026-05-29 02:35:33.827] [INFO ] [TR]   ArchPlan: 7 layers
[2026-05-29 02:35:33.827] [INFO ] [TR] Compiler: optimizer_kind=1, needs_momentum=1
[2026-05-29 02:35:33.827] [INFO ] [TR] [COMPILER] amp=0 TR_AMP_INITIAL_SCALING=1 init_scaling=1
[2026-05-29 02:35:33.827] [INFO ] [TR] [COMPILER] amp=0 TR_AMP_INITIAL_SCALING=1 init_scaling=1
[2026-05-29 02:35:33.827] [INFO ] [TR] [COMPILER] amp=0 TR_AMP_INITIAL_SCALING=1 init_scaling=1
[2026-05-29 02:35:33.827] [INFO ] [TR] [COMPILER] amp=0 TR_AMP_INITIAL_SCALING=1 init_scaling=1
[2026-05-29 02:35:33.827] [INFO ] [TR] [COMPILER] amp=0 TR_AMP_INITIAL_SCALING=1 init_scaling=1
[2026-05-29 02:35:33.828] [INFO ] [TR] [COMPILER] amp=0 TR_AMP_INITIAL_SCALING=1 init_scaling=1
[2026-05-29 02:35:33.828] [INFO ] [TR] [COMPILER] BWD l=6 kind=10 grad_id=49 prev_grad_id=49
[2026-05-29 02:35:33.828] [INFO ] [TR] [COMPILER] BWD l=5 kind=7 grad_id=39 prev_grad_id=39
[2026-05-29 02:35:33.828] [INFO ] [TR] [COMPILER] BWD l=4 kind=4 grad_id=32 prev_grad_id=32
[2026-05-29 02:35:33.828] [INFO ] [TR] [COMPILER] BWD l=3 kind=7 grad_id=29 prev_grad_id=29
[2026-05-29 02:35:33.828] [INFO ] [TR] [COMPILER] BWD l=2 kind=4 grad_id=22 prev_grad_id=22
[2026-05-29 02:35:33.828] [INFO ] [TR] [COMPILER] BWD l=1 kind=7 grad_id=19 prev_grad_id=19
[2026-05-29 02:35:33.828] [INFO ] [TR] [COMPILER] BWD l=0 kind=8 grad_id=-1 prev_grad_id=19
[2026-05-29 02:35:33.828] [INFO ] [TR] [COMPILER] DEEP[0] op=47 in=[19,20,21] out=[22]
[2026-05-29 02:35:33.828] [INFO ] [TR] [COMPILER] DEEP[1] op=15 in=[22] out=[29]
[2026-05-29 02:35:33.828] [INFO ] [TR] [COMPILER] DEEP[2] op=47 in=[29,30,31] out=[32]
[2026-05-29 02:35:33.828] [INFO ] [TR] [COMPILER] DEEP[3] op=15 in=[32] out=[39]
[2026-05-29 02:35:33.828] [INFO ] [TR] [COMPILER] DEEP[4] op=47 in=[39,40,41] out=[42]
[2026-05-29 02:35:33.828] [INFO ] [TR] [COMPILER] DEEP[5] op=84 in=[42,7,11,4] out=[8,52,51,50,9,10]
[2026-05-29 02:35:33.828] [INFO ] [TR] [COMPILER] DEEP[6] op=85 in=[49,50,52,7,4] out=[49]
[2026-05-29 02:35:33.828] [INFO ] [TR] [COMPILER] DEEP[7] op=48 in=[49,40,42,39] out=[39,43,44]
[2026-05-29 02:35:33.828] [INFO ] [TR] [COMPILER] DEEP[8] op=16 in=[39,39] out=[32]
[2026-05-29 02:35:33.828] [INFO ] [TR] [COMPILER] DEEP[9] op=48 in=[32,30,32,29] out=[29,33,34]
[2026-05-29 02:35:33.828] [INFO ] [TR] [COMPILER] DEEP[10] op=16 in=[29,29] out=[22]
[2026-05-29 02:35:33.828] [INFO ] [TR] [COMPILER] DEEP[11] op=48 in=[22,20,22,19] out=[19,23,24]
[2026-05-29 02:35:33.828] [INFO ] [TR] Compiler::compile - five-phase compilation complete
[2026-05-29 02:35:33.828] [INFO ] [TR]   Generated 6 variants
[2026-05-29 02:35:33.828] [INFO ] [backend] DeviceContext CPU: Eigen OpenMP disabled (setNbThreads=1)
[2026-05-29 02:35:33.828] [INFO ] [task] Allocated CPU device context, 9.12891 MB
[2026-05-29 02:35:33.828] [INFO ] [graph] [B3] Capturing rank 0 in main thread
[2026-05-29 02:35:33.828] [INFO ] [graph] [PRE_CAPTURE] Summary: 90 slots, 27 captured, 63 reused, 27 unique graphs, 1 ranks
[2026-05-29 02:35:33.828] [INFO ] [TR] [DEBUG] init_all: dtensors count=53
[2026-05-29 02:35:33.828] [INFO ] [TR] [DEBUG] dtensor[0] id=0 region=49 shape=[199,1,1,1] init=0
[2026-05-29 02:35:33.828] [INFO ] [TR] [DEBUG] dtensor[1] id=1 region=50 shape=[199,28,28,1] init=0
[2026-05-29 02:35:33.828] [INFO ] [TR] [DEBUG] dtensor[2] id=2 region=51 shape=[199,1,1,1] init=0
[2026-05-29 02:35:33.828] [INFO ] [TR] [DEBUG] dtensor[3] id=3 region=52 shape=[199,28,28,1] init=0
[2026-05-29 02:35:33.828] [INFO ] [TR] [DEBUG] dtensor[4] id=4 region=64 shape=[199,1,1,1] init=0
[2026-05-29 02:35:33.828] [INFO ] [TR] [DEBUG] dtensor[5] id=5 region=59 shape=[1,1,1,1] init=1
[2026-05-29 02:35:33.828] [INFO ] [TR] [DEBUG] dtensor[6] id=6 region=57 shape=[1,1,1,1] init=0
[2026-05-29 02:35:33.828] [INFO ] [TR] [DEBUG] dtensor[7] id=7 region=57 shape=[1,1,1,1] init=2
[2026-05-29 02:35:33.828] [INFO ] [TR] [DEBUG] dtensor[8] id=8 region=30 shape=[1,1,1,1] init=1
[2026-05-29 02:35:33.828] [INFO ] [TR] [DEBUG] dtensor[9] id=9 region=30 shape=[1,1,1,1] init=1
[2026-05-29 02:35:33.828] [INFO ] [TR] [DEBUG] dtensor[10] id=10 region=30 shape=[1,1,1,1] init=1
[2026-05-29 02:35:33.828] [INFO ] [TR] [DEBUG] dtensor[11] id=11 region=59 shape=[1,1,1,1] init=0
[2026-05-29 02:35:33.828] [INFO ] [TR] [DEBUG] dtensor[12] id=12 region=59 shape=[1,1,1,1] init=0
[2026-05-29 02:35:33.828] [INFO ] [TR] [DEBUG] dtensor[13] id=13 region=59 shape=[1,1,1,1] init=0
[2026-05-29 02:35:33.828] [INFO ] [TR] [DEBUG] dtensor[14] id=14 region=67 shape=[1,1,1,1] init=0
[2026-05-29 02:35:33.828] [INFO ] [TR] [DEBUG] dtensor[15] id=15 region=67 shape=[1,1,1,1] init=0
[2026-05-29 02:35:33.828] [INFO ] [TR] [DEBUG] dtensor[16] id=16 region=67 shape=[1,1,1,1] init=0
[2026-05-29 02:35:33.828] [INFO ] [TR] [DEBUG] dtensor[17] id=17 region=57 shape=[1,1,1,1] init=2
[2026-05-29 02:35:33.828] [INFO ] [TR] [DEBUG] dtensor[18] id=18 region=57 shape=[1,1,1,1] init=2
[2026-05-29 02:35:33.828] [INFO ] [TR] [DEBUG] dtensor[19] id=19 region=53 shape=[199,1,1,784] init=0
[2026-05-29 02:35:33.828] [INFO ] [TR] [DEBUG] dtensor[20] id=20 region=9 shape=[512,1,1,784] init=4
[2026-05-29 02:35:33.828] [INFO ] [TR] [DEBUG] dtensor[21] id=21 region=8 shape=[1,1,1,512] init=1
[2026-05-29 02:35:33.828] [INFO ] [TR] [DEBUG] dtensor[22] id=22 region=53 shape=[199,1,1,512] init=0
[2026-05-29 02:35:33.828] [INFO ] [TR] [DEBUG] dtensor[23] id=23 region=27 shape=[512,1,1,784] init=0
[2026-05-29 02:35:33.828] [INFO ] [TR] [DEBUG] dtensor[24] id=24 region=26 shape=[1,1,1,512] init=1
[2026-05-29 02:35:33.828] [INFO ] [TR] [DEBUG] dtensor[25] id=25 region=21 shape=[1,1,1,1] init=0
[2026-05-29 02:35:33.828] [INFO ] [TR] [DEBUG] dtensor[26] id=26 region=31 shape=[1,1,1,1] init=0
[2026-05-29 02:35:33.828] [INFO ] [TR] [DEBUG] dtensor[27] id=27 region=37 shape=[512,1,1,784] init=0
[2026-05-29 02:35:33.828] [INFO ] [TR] [DEBUG] dtensor[28] id=28 region=36 shape=[1,1,1,512] init=0
[2026-05-29 02:35:33.828] [INFO ] [TR] [DEBUG] dtensor[29] id=29 region=53 shape=[199,1,1,512] init=0
[2026-05-29 02:35:33.828] [INFO ] [TR] [DEBUG] dtensor[30] id=30 region=9 shape=[256,1,1,512] init=4
[2026-05-29 02:35:33.828] [INFO ] [TR] [DEBUG] dtensor[31] id=31 region=8 shape=[1,1,1,256] init=1
[2026-05-29 02:35:33.828] [INFO ] [TR] [DEBUG] dtensor[32] id=32 region=53 shape=[199,1,1,256] init=0
[2026-05-29 02:35:33.828] [INFO ] [TR] [DEBUG] dtensor[33] id=33 region=27 shape=[256,1,1,512] init=0
[2026-05-29 02:35:33.828] [INFO ] [TR] [DEBUG] dtensor[34] id=34 region=26 shape=[1,1,1,256] init=1
[2026-05-29 02:35:33.828] [INFO ] [TR] [DEBUG] dtensor[35] id=35 region=21 shape=[1,1,1,1] init=0
[2026-05-29 02:35:33.828] [INFO ] [TR] [DEBUG] dtensor[36] id=36 region=31 shape=[1,1,1,1] init=0
[2026-05-29 02:35:33.828] [INFO ] [TR] [DEBUG] dtensor[37] id=37 region=37 shape=[256,1,1,512] init=0
[2026-05-29 02:35:33.828] [INFO ] [TR] [DEBUG] dtensor[38] id=38 region=36 shape=[1,1,1,256] init=0
[2026-05-29 02:35:33.828] [INFO ] [TR] [DEBUG] dtensor[39] id=39 region=53 shape=[199,1,1,256] init=0
[2026-05-29 02:35:33.828] [INFO ] [TR] [DEBUG] dtensor[40] id=40 region=9 shape=[10,1,1,256] init=4
[2026-05-29 02:35:33.828] [INFO ] [TR] [DEBUG] dtensor[41] id=41 region=8 shape=[1,1,1,10] init=1
[2026-05-29 02:35:33.828] [INFO ] [TR] [DEBUG] dtensor[42] id=42 region=53 shape=[199,1,1,10] init=0
[2026-05-29 02:35:33.828] [INFO ] [TR] [DEBUG] dtensor[43] id=43 region=27 shape=[10,1,1,256] init=0
[2026-05-29 02:35:33.828] [INFO ] [TR] [DEBUG] dtensor[44] id=44 region=26 shape=[1,1,1,10] init=1
[2026-05-29 02:35:33.828] [INFO ] [TR] [DEBUG] dtensor[45] id=45 region=21 shape=[1,1,1,1] init=0
[2026-05-29 02:35:33.828] [INFO ] [TR] [DEBUG] dtensor[46] id=46 region=31 shape=[1,1,1,1] init=0
[2026-05-29 02:35:33.828] [INFO ] [TR] [DEBUG] dtensor[47] id=47 region=37 shape=[10,1,1,256] init=0
[2026-05-29 02:35:33.828] [INFO ] [TR] [DEBUG] dtensor[48] id=48 region=36 shape=[1,1,1,10] init=0
[2026-05-29 02:35:33.828] [INFO ] [TR] [DEBUG] dtensor[49] id=49 region=53 shape=[199,1,1,10] init=0
[2026-05-29 02:35:33.828] [INFO ] [TR] [DEBUG] dtensor[50] id=50 region=62 shape=[199,1,1,10] init=0
[2026-05-29 02:35:33.828] [INFO ] [TR] [DEBUG] dtensor[51] id=51 region=66 shape=[199,1,1,1] init=0
[2026-05-29 02:35:33.828] [INFO ] [TR] [DEBUG] dtensor[52] id=52 region=57 shape=[1,1,1,1] init=0
[2026-05-29 02:35:35.509] [INFO ] [TR] 
========== COMPILE DIAGNOSTICS ==========
[2026-05-29 02:35:35.509] [INFO ] [TR] --- ArchPlan ---
[2026-05-29 02:35:35.509] [INFO ] [TR] ArchPlan: 7 layers, first_layer_index=0
Input: [1, 28, 28, 1]
----------------------------------------------------------
   0  Flatten                  [1, 28, 28, 1]         [1, 1, 1, 784]         [FIRST] 
   1  FC                       [1, 1, 1, 784]         [1, 1, 1, 512]          out=512 bias=1
   2  Tanh                     [1, 1, 1, 512]         [1, 1, 1, 512]          
   3  FC                       [1, 1, 1, 512]         [1, 1, 1, 256]          out=256 bias=1
   4  Tanh                     [1, 1, 1, 256]         [1, 1, 1, 256]          
   5  FC                       [1, 1, 1, 256]         [1, 1, 1, 10]           out=10 bias=1
   6  SoftmaxCE                [1, 1, 1, 10]          [1, 1, 1, 10]           classes=10

[2026-05-29 02:35:35.509] [INFO ] [TR] --- MemoryPlan ---
[2026-05-29 02:35:35.509] [INFO ] [TR] MemoryPlan Layout (total_bytes=9572352)
===============================================
Region [W_FC_BIAS]  ID=8  offset=0  bytes=4608
-----------------------------------------------
  Tensor[id=21]: offset=0,  bytes=2560,  dtype=FP32,  shape=[1,1,1,512]
  Tensor[id=31]: offset=2560,  bytes=1536,  dtype=FP32,  shape=[1,1,1,256]
  Tensor[id=41]: offset=4096,  bytes=512,  dtype=FP32,  shape=[1,1,1,10]
-----------------------------------------------
===============================================
Region [W_FC_WEIGHT]  ID=9  offset=4608  bytes=2141696
-----------------------------------------------
  Tensor[id=20]: offset=4608,  bytes=1606144,  dtype=FP32,  shape=[512,1,1,784]
  Tensor[id=30]: offset=1610752,  bytes=524800,  dtype=FP32,  shape=[256,1,1,512]
  Tensor[id=40]: offset=2135552,  bytes=10752,  dtype=FP32,  shape=[10,1,1,256]
-----------------------------------------------
===============================================
Region [G_FC_BIAS]  ID=26  offset=2146304  bytes=4608
-----------------------------------------------
  Tensor[id=24]: offset=2146304,  bytes=2560,  dtype=FP32,  shape=[1,1,1,512]
  Tensor[id=34]: offset=2148864,  bytes=1536,  dtype=FP32,  shape=[1,1,1,256]
  Tensor[id=44]: offset=2150400,  bytes=512,  dtype=FP32,  shape=[1,1,1,10]
-----------------------------------------------
===============================================
Region [G_FC_WEIGHT]  ID=27  offset=2150912  bytes=2141696
-----------------------------------------------
  Tensor[id=23]: offset=2150912,  bytes=1606144,  dtype=FP32,  shape=[512,1,1,784]
  Tensor[id=33]: offset=3757056,  bytes=524800,  dtype=FP32,  shape=[256,1,1,512]
  Tensor[id=43]: offset=4281856,  bytes=10752,  dtype=FP32,  shape=[10,1,1,256]
-----------------------------------------------
===============================================
Region [R_RESULT]  ID=30  offset=4292608  bytes=1536
-----------------------------------------------
  Tensor[id=8]: offset=4292608,  bytes=512,  dtype=FP32,  shape=[1,1,1,1]
  Tensor[id=9]: offset=4293120,  bytes=512,  dtype=FP32,  shape=[1,1,1,1]
  Tensor[id=10]: offset=4293632,  bytes=512,  dtype=FP32,  shape=[1,1,1,1]
-----------------------------------------------
===============================================
Region [M_FC_BIAS]  ID=36  offset=4294144  bytes=4608
-----------------------------------------------
  Tensor[id=28]: offset=4294144,  bytes=2560,  dtype=FP32,  shape=[1,1,1,512]
  Tensor[id=38]: offset=4296704,  bytes=1536,  dtype=FP32,  shape=[1,1,1,256]
  Tensor[id=48]: offset=4298240,  bytes=512,  dtype=FP32,  shape=[1,1,1,10]
-----------------------------------------------
===============================================
Region [M_FC_WEIGHT]  ID=37  offset=4298752  bytes=2141696
-----------------------------------------------
  Tensor[id=27]: offset=4298752,  bytes=1606144,  dtype=FP32,  shape=[512,1,1,784]
  Tensor[id=37]: offset=5904896,  bytes=524800,  dtype=FP32,  shape=[256,1,1,512]
  Tensor[id=47]: offset=6429696,  bytes=10752,  dtype=FP32,  shape=[10,1,1,256]
-----------------------------------------------
===============================================
Region [I_A_LABEL]  ID=49  offset=6440448  bytes=1024
-----------------------------------------------
  Tensor[id=0]: offset=6440448,  bytes=1024,  dtype=INT32,  shape=[199,1,1,1]
-----------------------------------------------
===============================================
Region [I_A_DATA]  ID=50  offset=6441472  bytes=624128
-----------------------------------------------
  Tensor[id=1]: offset=6441472,  bytes=624128,  dtype=FP32,  shape=[199,28,28,1]
-----------------------------------------------
===============================================
Region [I_B_LABEL]  ID=51  offset=7065600  bytes=1024
-----------------------------------------------
  Tensor[id=2]: offset=7065600,  bytes=1024,  dtype=INT32,  shape=[199,1,1,1]
-----------------------------------------------
===============================================
Region [I_B_DATA]  ID=52  offset=7066624  bytes=624128
-----------------------------------------------
  Tensor[id=3]: offset=7066624,  bytes=624128,  dtype=FP32,  shape=[199,28,28,1]
-----------------------------------------------
===============================================
Region [F_FEATURE_FP32]  ID=53  offset=7690752  bytes=1865216
-----------------------------------------------
  Tensor[id=19]: offset=7690752,  bytes=624128,  dtype=FP32,  shape=[199,1,1,784]
  Tensor[id=22]: offset=8314880,  bytes=408064,  dtype=FP32,  shape=[199,1,1,512]
  Tensor[id=29]: offset=8722944,  bytes=408064,  dtype=FP32,  shape=[199,1,1,512]
  Tensor[id=32]: offset=9131008,  bytes=204288,  dtype=FP32,  shape=[199,1,1,256]
  Tensor[id=39]: offset=9335296,  bytes=204288,  dtype=FP32,  shape=[199,1,1,256]
  Tensor[id=42]: offset=9539584,  bytes=8192,  dtype=FP32,  shape=[199,1,1,10]
  Tensor[id=49]: offset=9547776,  bytes=8192,  dtype=FP32,  shape=[199,1,1,10]
-----------------------------------------------
===============================================
Region [S_SCALAR_FP32]  ID=57  offset=9555968  bytes=2560
-----------------------------------------------
  Tensor[id=6]: offset=9555968,  bytes=512,  dtype=FP32,  shape=[1,1,1,1]
  Tensor[id=7]: offset=9556480,  bytes=512,  dtype=FP32,  shape=[1,1,1,1]
  Tensor[id=17]: offset=9556992,  bytes=512,  dtype=FP32,  shape=[1,1,1,1]
  Tensor[id=18]: offset=9557504,  bytes=512,  dtype=FP32,  shape=[1,1,1,1]
  Tensor[id=52]: offset=9558016,  bytes=512,  dtype=FP32,  shape=[1,1,1,1]
-----------------------------------------------
===============================================
Region [S_SCALAR_INT32]  ID=59  offset=9558528  bytes=2048
-----------------------------------------------
  Tensor[id=5]: offset=9558528,  bytes=512,  dtype=INT32,  shape=[1,1,1,1]
  Tensor[id=11]: offset=9559040,  bytes=512,  dtype=INT32,  shape=[1,1,1,1]
  Tensor[id=12]: offset=9559552,  bytes=512,  dtype=INT32,  shape=[1,1,1,1]
  Tensor[id=13]: offset=9560064,  bytes=512,  dtype=INT32,  shape=[1,1,1,1]
-----------------------------------------------
===============================================
Region [T_TEMP_FP32]  ID=62  offset=9560576  bytes=8192
-----------------------------------------------
  Tensor[id=50]: offset=9560576,  bytes=8192,  dtype=FP32,  shape=[199,1,1,10]
-----------------------------------------------
===============================================
Region [T_TEMP_INT32]  ID=64  offset=9568768  bytes=1024
-----------------------------------------------
  Tensor[id=4]: offset=9568768,  bytes=1024,  dtype=INT32,  shape=[199,1,1,1]
-----------------------------------------------
===============================================
Region [R_PREDICTED_LABEL]  ID=66  offset=9569792  bytes=1024
-----------------------------------------------
  Tensor[id=51]: offset=9569792,  bytes=1024,  dtype=INT32,  shape=[199,1,1,1]
-----------------------------------------------
===============================================
Region [R_RESULT_ACCUMULATED]  ID=67  offset=9570816  bytes=1536
-----------------------------------------------
  Tensor[id=14]: offset=9570816,  bytes=512,  dtype=FP32,  shape=[1,1,1,1]
  Tensor[id=15]: offset=9571328,  bytes=512,  dtype=FP32,  shape=[1,1,1,1]
  Tensor[id=16]: offset=9571840,  bytes=512,  dtype=FP32,  shape=[1,1,1,1]
-----------------------------------------------
===============================================

[2026-05-29 02:35:35.509] [INFO ] [TR] --- Train ComputationGraph ---
[2026-05-29 02:35:35.509] [INFO ] [TR] === ComputationGraph Debug Dump ===
[GraphId 0 / TRANSFER_A] 1 nodes:
  RANGE_H2D_COPY_A outputs=[R49], [R50]
[GraphId 1 / TRANSFER_B] 1 nodes:
  RANGE_H2D_COPY_B outputs=[R51], [R52]
[GraphId 2 / FIRST_LAYER_FWD_A] 2 nodes:
  UNKNOWN inputs=[0] outputs=[4]
  FLATTEN_FP32_FWD inputs=[1] outputs=[19]
[GraphId 3 / FIRST_LAYER_FWD_B] 2 nodes:
  UNKNOWN inputs=[2] outputs=[4]
  FLATTEN_FP32_FWD inputs=[3] outputs=[19]
[GraphId 4 / DEEP_FWD_BWD] 12 nodes:
  FC_FP32_FWD inputs=[19, 20, 21] outputs=[22]
  TANH_FP32_FWD inputs=[22] outputs=[29]
  FC_FP32_FWD inputs=[29, 30, 31] outputs=[32]
  TANH_FP32_FWD inputs=[32] outputs=[39]
  FC_FP32_FWD inputs=[39, 40, 41] outputs=[42]
  SOFTMAX_CE_FP32_FWD inputs=[42, 7, 11, 4] outputs=[8, 52, 51, 50, 9, 10]
  SOFTMAX_CE_FP32_BWD inputs=[49, 50, 52, 7, 4] outputs=[49]
  FC_FP32_BWD inputs=[49, 40, 42, 39] outputs=[39, 43, 44]
  TANH_FP32_BWD inputs=[39, 39] outputs=[32]
  FC_FP32_BWD inputs=[32, 30, 32, 29] outputs=[29, 33, 34]
  TANH_FP32_BWD inputs=[29, 29] outputs=[22]
  FC_FP32_BWD inputs=[22, 20, 22, 19] outputs=[19, 23, 24]
[GraphId 5 / ZERO_GRAD] 1 nodes:
  RANGE_CLEAR outputs=[R24 - R33]
[GraphId 6 / FIRST_LAYER_BWD_A] 1 nodes:
  FLATTEN_FP32_BWD inputs=[19] outputs=[1]
[GraphId 7 / FIRST_LAYER_BWD_B] 1 nodes:
  FLATTEN_FP32_BWD inputs=[19] outputs=[3]
[GraphId 8 / FIRST_COMM] 1 nodes:
  RANGE_SUM_ALLREDUCE inputs=[R24 - R28] outputs=[R24 - R28]
[GraphId 9 / DEEP_COMM] 1 nodes:
  RANGE_SUM_ALLREDUCE inputs=[R29 - R30] outputs=[R29 - R30]
[GraphId 12 / NAN_CHECK_AND_GRAD_SCALING] 1 nodes:
  RANGE_CHECK_NAN inputs=[R24 - R29] outputs=[5]
[GraphId 14 / OPTIMIZER] 2 nodes:
  RANGE_UPDATE_WEIGHT_MOMENTUM inputs=[R9 - R11], [R27 - R29], [R37 - R39] outputs=[R9 - R11], [R37 - R39]
  RANGE_UPDATE_BIAS_MOMENTUM inputs=[R6 - R8], [R24 - R26], [R34 - R36] outputs=[R6 - R8], [R34 - R36]
[GraphId 22 / ACCUM_METRICS] 1 nodes:
  RANGE_ACCUM_METRICS outputs=[14, 15, 16]
[GraphId 23 / ACCUM_METRICS_TRAIN_LAST] 1 nodes:
  RANGE_ACCUM_METRICS outputs=[14, 15, 16]
[GraphId 24 / ACCUM_METRICS_VAL_LAST] 1 nodes:
  RANGE_ACCUM_METRICS outputs=[14, 15, 16]
[GraphId 26 / CLEAR_METRICS] 1 nodes:
  RANGE_CLEAR outputs=[R67]

[2026-05-29 02:35:35.509] [INFO ] [TR] --- Inference ComputationGraph ---
[2026-05-29 02:35:35.509] [INFO ] [TR] === ComputationGraph Debug Dump ===
[GraphId 16 / INF_MAIN_A] 8 nodes:
  UNKNOWN inputs=[0] outputs=[4]
  FLATTEN_FP32_FWD inputs=[1] outputs=[19]
  FC_FP32_FWD inputs=[19, 20, 21] outputs=[22]
  TANH_FP32_FWD inputs=[22] outputs=[29]
  FC_FP32_FWD inputs=[29, 30, 31] outputs=[32]
  TANH_FP32_FWD inputs=[32] outputs=[39]
  FC_FP32_FWD inputs=[39, 40, 41] outputs=[42]
  SOFTMAX_CE_FP32_INF inputs=[42, 7, 11, 4] outputs=[8, 52, 51, 50, 9, 10]
[GraphId 17 / INF_MAIN_B] 8 nodes:
  UNKNOWN inputs=[2] outputs=[4]
  FLATTEN_FP32_FWD inputs=[3] outputs=[19]
  FC_FP32_FWD inputs=[19, 20, 21] outputs=[22]
  TANH_FP32_FWD inputs=[22] outputs=[29]
  FC_FP32_FWD inputs=[29, 30, 31] outputs=[32]
  TANH_FP32_FWD inputs=[32] outputs=[39]
  FC_FP32_FWD inputs=[39, 40, 41] outputs=[42]
  SOFTMAX_CE_FP32_INF inputs=[42, 7, 11, 4] outputs=[8, 52, 51, 50, 9, 10]
[GraphId 25 / VAL_RESULT_COMM] 1 nodes:
  RANGE_SUM_ALLREDUCE inputs=[R67] outputs=[R67]

[2026-05-29 02:35:35.509] [INFO ] [TR] =========================================

[2026-05-29 02:35:35.509] [INFO ] [TR] ==================================================
[2026-05-29 02:35:35.509] [INFO ] [TR]  Tech-Renaissance Training Started  [CPU Mode]
[2026-05-29 02:35:35.509] [INFO ] [TR] --------------------------------------------------
[2026-05-29 02:35:35.509] [INFO ] [TR]  Local batch size: 199
[2026-05-29 02:35:35.509] [INFO ] [TR]  World size: 1
[2026-05-29 02:35:35.509] [INFO ] [TR]  Total batch size: 199
[2026-05-29 02:35:35.509] [INFO ] [TR]  Total epochs: 3
[2026-05-29 02:35:35.509] [INFO ] [TR]  AMP: disabled (CPU)
[2026-05-29 02:35:35.509] [INFO ] [TR]  SEMA: disabled
[2026-05-29 02:35:35.509] [INFO ] [TR]  Validate every: 1 epochs, offset: 0
[2026-05-29 02:35:35.509] [INFO ] [TR]  Early stop by Top-1: 0.999
[2026-05-29 02:35:35.509] [INFO ] [TR] ==================================================
[2026-05-29 02:35:35.510] [INFO ] [TR] GlobalRegistry initialized successfully
[2026-05-29 02:35:35.510] [INFO ] [TR] Beginning epoch 0 (train)
[2026-05-29 02:35:35.510] [INFO ] [TR] Dataset not loaded, loading now
[2026-05-29 02:35:35.510] [INFO ] [TR] Loading train set (RAW format): T:\dataset\mnist
[2026-05-29 02:35:35.510] [INFO ] [TR]   Image file: T:\dataset\mnist/train-images-idx3-ubyte
[2026-05-29 02:35:35.510] [INFO ] [TR]   Label file: T:\dataset\mnist/train-labels-idx1-ubyte
[2026-05-29 02:35:35.510] [INFO ] [TR]   Label file magic: 2049
[2026-05-29 02:35:35.510] [INFO ] [TR]   Number of labels: 60000
[2026-05-29 02:35:35.510] [INFO ] [TR]   Image file magic: 2051
[2026-05-29 02:35:35.510] [INFO ] [TR]   Image size: 28x28
[2026-05-29 02:35:35.539] [INFO ] [TR]   Samples: 60000
[2026-05-29 02:35:35.539] [INFO ] [TR]   Labels: 58.5938 KB
[2026-05-29 02:35:35.539] [INFO ] [TR]   Images: 44.8608 MB
[2026-05-29 02:35:35.545] [INFO ] [TR] Loading completed in 0.0349275 seconds
[2026-05-29 02:35:35.545] [INFO ] [TR] Average bandwidth: 1286.04 MB/s
[2026-05-29 02:35:35.545] [INFO ] [TR] Registering SampleInfo for train set
[2026-05-29 02:35:35.546] [INFO ] [TR] SampleInfo registration completed: 60000 samples
[2026-05-29 02:35:35.546] [INFO ] [TR] Performing global shuffle with seed: 0
[2026-05-29 02:35:35.547] [INFO ] [TR] Global shuffle completed
[2026-05-29 02:35:35.547] [INFO ] [TR] Distributing 60000 samples to 4 workers
[2026-05-29 02:35:35.547] [INFO ] [TR] Distribution completed: total=60000, expected=60000
[2026-05-29 02:35:35.547] [INFO ] [TR] Epoch 0 began (SampleInfo mode)
[2026-05-29 02:35:35.548] [INFO ] [TR] [EB#0] reset_and_update(): phase=TRAIN, current_resolution_=28, num_color_channels_=1, current_sample_bytes_=3136
[2026-05-29 02:35:35.661] [INFO ] [TR] [DIAG-WORKER] pid=2 wkr=2 lbl=2 fout_ptr=000004CA00041C80 | raw: first_nz=96 nz=119 [7,255] | norm: first_nz=0 nz=784 [-0.424213,2.82149]
[2026-05-29 02:35:35.661] [INFO ] [TR] [DIAG-WORKER] pid=2 wkr=2 lbl=7 fout_ptr=000004CA00044D80 | raw: first_nz=202 nz=208 [4,255] | norm: first_nz=0 nz=784 [-0.424213,2.82149]
[2026-05-29 02:35:35.661] [INFO ] [TR] [DIAG-WORKER] pid=2 wkr=2 lbl=3 fout_ptr=000004CA00047E80 | raw: first_nz=124 nz=179 [6,255] | norm: first_nz=0 nz=784 [-0.424213,2.82149]
[2026-05-29 02:35:35.661] [INFO ] [TR] [DIAG-WORKER] pid=2 wkr=2 lbl=3 fout_ptr=000004CA0004AF80 | raw: first_nz=120 nz=196 [2,255] | norm: first_nz=0 nz=784 [-0.424213,2.82149]
[2026-05-29 02:35:35.661] [INFO ] [TR] [DIAG-WORKER] pid=2 wkr=2 lbl=2 fout_ptr=000004CA0004E080 | raw: first_nz=147 nz=151 [1,255] | norm: first_nz=0 nz=784 [-0.424213,2.82149]
[2026-05-29 02:35:35.685] [INFO ] [backend] DeviceContext CPU: workspace grown to 203776 bytes
[2026-05-29 02:35:35.685] [INFO ] [backend] DeviceContext CPU: workspace grown to 524288 bytes
[2026-05-29 02:35:35.686] [INFO ] [backend] DeviceContext CPU: workspace grown to 1605632 bytes
[2026-05-29 02:35:37.830] [INFO ] [TR] Preprocessor completed: 60000 total samples
[2026-05-29 02:35:37.830] [INFO ] [TR] Total buffers processed: 1
[2026-05-29 02:35:37.830] [INFO ] [TR] Total epoch time: 2.28287 seconds
[2026-05-29 02:35:37.830] [INFO ] [TR] Ending epoch 0
[2026-05-29 02:35:37.830] [INFO ] [TR] Epoch ended
[2026-05-29 02:35:37.844] [INFO ] [TR] Beginning epoch 0 (val)
[2026-05-29 02:35:37.844] [INFO ] [TR] Dataset not loaded, loading now
[2026-05-29 02:35:37.844] [INFO ] [TR] Loading val set (RAW format): T:\dataset\mnist
[2026-05-29 02:35:37.844] [INFO ] [TR]   Image file: T:\dataset\mnist/t10k-images-idx3-ubyte
[2026-05-29 02:35:37.844] [INFO ] [TR]   Label file: T:\dataset\mnist/t10k-labels-idx1-ubyte
[2026-05-29 02:35:37.844] [INFO ] [TR]   Label file magic: 2049
[2026-05-29 02:35:37.844] [INFO ] [TR]   Number of labels: 10000
[2026-05-29 02:35:37.844] [INFO ] [TR]   Image file magic: 2051
[2026-05-29 02:35:37.844] [INFO ] [TR]   Image size: 28x28
[2026-05-29 02:35:37.849] [INFO ] [TR]   Samples: 10000
[2026-05-29 02:35:37.849] [INFO ] [TR]   Labels: 9.76562 KB
[2026-05-29 02:35:37.849] [INFO ] [TR]   Images: 7.47681 MB
[2026-05-29 02:35:37.850] [INFO ] [TR] Loading completed in 0.005727 seconds
[2026-05-29 02:35:37.850] [INFO ] [TR] Average bandwidth: 1307.2 MB/s
[2026-05-29 02:35:37.850] [INFO ] [TR] Registering SampleInfo for val set
[2026-05-29 02:35:37.850] [INFO ] [TR] SampleInfo registration completed: 10000 samples
[2026-05-29 02:35:37.850] [INFO ] [TR] Distributing 10000 samples to 4 workers
[2026-05-29 02:35:37.850] [INFO ] [TR] Distribution completed: total=10000, expected=10000
[2026-05-29 02:35:37.850] [INFO ] [TR] Epoch 0 began (SampleInfo mode)
[2026-05-29 02:35:37.850] [INFO ] [TR] [EB#0] reset_and_update(): phase=VAL, current_resolution_=28, num_color_channels_=1, current_sample_bytes_=3136
[2026-05-29 02:35:38.159] [INFO ] [TR] Preprocessor completed: 10000 total samples
[2026-05-29 02:35:38.159] [INFO ] [TR] Total buffers processed: 1
[2026-05-29 02:35:38.159] [INFO ] [TR] Total epoch time: 0.30928 seconds
[2026-05-29 02:35:38.159] [INFO ] [TR] Ending epoch 0
[2026-05-29 02:35:38.159] [INFO ] [TR] Epoch ended
[2026-05-29 02:35:38.160] [INFO ] [TR] [VAL-CPU] loss=0.119749 top1=96.42% top5=99.87%
[2026-05-29 02:35:38.176] [INFO ] [TR]      1 |     0.2581 |     0.1197 |     96.42% |     0.100000 |     2.7s
[2026-05-29 02:35:38.176] [INFO ] [TR] Beginning epoch 1 (train)
[2026-05-29 02:35:38.176] [INFO ] [TR] Performing global shuffle with seed: 1
[2026-05-29 02:35:38.179] [INFO ] [TR] Global shuffle completed
[2026-05-29 02:35:38.179] [INFO ] [TR] Distributing 60000 samples to 4 workers
[2026-05-29 02:35:38.179] [INFO ] [TR] Distribution completed: total=60000, expected=60000
[2026-05-29 02:35:38.179] [INFO ] [TR] Epoch 1 began (SampleInfo mode)
[2026-05-29 02:35:38.179] [INFO ] [TR] [EB#0] reset_and_update(): phase=TRAIN, current_resolution_=28, num_color_channels_=1, current_sample_bytes_=3136
[2026-05-29 02:35:40.464] [INFO ] [TR] Preprocessor completed: 60000 total samples
[2026-05-29 02:35:40.464] [INFO ] [TR] Total buffers processed: 1
[2026-05-29 02:35:40.464] [INFO ] [TR] Total epoch time: 2.28451 seconds
[2026-05-29 02:35:40.464] [INFO ] [TR] Ending epoch 1
[2026-05-29 02:35:40.464] [INFO ] [TR] Epoch ended
[2026-05-29 02:35:40.480] [INFO ] [TR] Beginning epoch 1 (val)
[2026-05-29 02:35:40.480] [INFO ] [TR] Distributing 10000 samples to 4 workers
[2026-05-29 02:35:40.480] [INFO ] [TR] Distribution completed: total=10000, expected=10000
[2026-05-29 02:35:40.480] [INFO ] [TR] Epoch 1 began (SampleInfo mode)
[2026-05-29 02:35:40.480] [INFO ] [TR] [EB#0] reset_and_update(): phase=VAL, current_resolution_=28, num_color_channels_=1, current_sample_bytes_=3136
[2026-05-29 02:35:40.798] [INFO ] [TR] Preprocessor completed: 10000 total samples
[2026-05-29 02:35:40.799] [INFO ] [TR] Total buffers processed: 1
[2026-05-29 02:35:40.799] [INFO ] [TR] Total epoch time: 0.318468 seconds
[2026-05-29 02:35:40.799] [INFO ] [TR] Ending epoch 1
[2026-05-29 02:35:40.799] [INFO ] [TR] Epoch ended
[2026-05-29 02:35:40.799] [INFO ] [TR] [VAL-CPU] loss=0.0834715 top1=97.35% top5=99.97%
[2026-05-29 02:35:40.814] [INFO ] [TR]      2 |     0.0948 |     0.0835 |     97.35% |     0.100000 |     2.6s
[2026-05-29 02:35:40.814] [INFO ] [TR] Beginning epoch 2 (train)
[2026-05-29 02:35:40.814] [INFO ] [TR] Performing global shuffle with seed: 2
[2026-05-29 02:35:40.816] [INFO ] [TR] Global shuffle completed
[2026-05-29 02:35:40.816] [INFO ] [TR] Distributing 60000 samples to 4 workers
[2026-05-29 02:35:40.816] [INFO ] [TR] Distribution completed: total=60000, expected=60000
[2026-05-29 02:35:40.816] [INFO ] [TR] Epoch 2 began (SampleInfo mode)
[2026-05-29 02:35:40.817] [INFO ] [TR] [EB#0] reset_and_update(): phase=TRAIN, current_resolution_=28, num_color_channels_=1, current_sample_bytes_=3136
[2026-05-29 02:35:43.089] [INFO ] [TR] Preprocessor completed: 60000 total samples
[2026-05-29 02:35:43.089] [INFO ] [TR] Total buffers processed: 1
[2026-05-29 02:35:43.089] [INFO ] [TR] Total epoch time: 2.27296 seconds
[2026-05-29 02:35:43.089] [INFO ] [TR] Ending epoch 2
[2026-05-29 02:35:43.089] [INFO ] [TR] Epoch ended
[2026-05-29 02:35:43.105] [INFO ] [TR] Beginning epoch 2 (val)
[2026-05-29 02:35:43.105] [INFO ] [TR] Distributing 10000 samples to 4 workers
[2026-05-29 02:35:43.105] [INFO ] [TR] Distribution completed: total=10000, expected=10000
[2026-05-29 02:35:43.105] [INFO ] [TR] Epoch 2 began (SampleInfo mode)
[2026-05-29 02:35:43.105] [INFO ] [TR] [EB#0] reset_and_update(): phase=VAL, current_resolution_=28, num_color_channels_=1, current_sample_bytes_=3136
[2026-05-29 02:35:43.406] [INFO ] [TR] Preprocessor completed: 10000 total samples
[2026-05-29 02:35:43.406] [INFO ] [TR] Total buffers processed: 1
[2026-05-29 02:35:43.406] [INFO ] [TR] Total epoch time: 0.3013 seconds
[2026-05-29 02:35:43.406] [INFO ] [TR] Ending epoch 2
[2026-05-29 02:35:43.406] [INFO ] [TR] Epoch ended
[2026-05-29 02:35:43.407] [INFO ] [TR] [VAL-CPU] loss=0.0729884 top1=97.73% top5=99.97%
[2026-05-29 02:35:43.423] [INFO ] [TR]      3 |     0.0559 |     0.0730 |     97.73% |     0.100000 |     2.6s
[2026-05-29 02:35:43.423] [INFO ] [TR] ==================================================
[2026-05-29 02:35:43.423] [INFO ] [TR]  Training Complete
[2026-05-29 02:35:43.423] [INFO ] [TR] --------------------------------------------------
[2026-05-29 02:35:43.423] [INFO ] [TR]  Best Val Top-1: 97.73%
[2026-05-29 02:35:43.423] [INFO ] [TR]  Best Epoch: 3
[2026-05-29 02:35:43.423] [INFO ] [TR]  Total Time: 0h 0m 7s
[2026-05-29 02:35:43.423] [INFO ] [TR] ==================================================

=====================================
 Mode: CPU  [FP32]
 Best Top-1: 97.73%
 Best Epoch: 3
 Time: 7.91 s
=====================================
PASS
[2026-05-29 02:35:43.423] [INFO ] [TR] MnistLoaderRaw destroying...
[2026-05-29 02:35:43.423] [INFO ] [TR] Freeing dataset: train
[2026-05-29 02:35:43.424] [INFO ] [TR] Freeing dataset: val
[2026-05-29 02:35:43.424] [INFO ] [TR] MnistLoaderRaw destroyed
