[2026-05-29 02:34:18.585] [INFO ] [TR] GlobalRegistry: fixed_using_gpu set to true
[2026-05-29 02:34:18.586] [INFO ] [TR] GlobalRegistry: fixed_gpu_ids set to [0]
Device: GPU [0]
[2026-05-29 02:34:18.586] [INFO ] [TR] GlobalRegistry: fixed_using_amp set to true
[2026-05-29 02:34:18.586] [INFO ] [TR] GlobalRegistry: fixed_reproducibility_insurance set to true
Random Seed: 0x000000000000002A
[2026-05-29 02:34:18.586] [INFO ] [TR] GlobalRegistry: fixed_batch_size set to 300
[2026-05-29 02:34:18.586] [INFO ] [TR] GlobalRegistry: fixed_max_sample_resolution_ updated to 28
[2026-05-29 02:34:18.586] [INFO ] [TR] GlobalRegistry: fixed_train_sample_resolution_begin_ and end_ set to 28
[2026-05-29 02:34:18.586] [INFO ] [TR] GlobalRegistry: fixed_using_progressive_resolution set to false
[2026-05-29 02:34:18.596] [INFO ] [TR] GlobalRegistry: fixed_val_sample_resolution_ set to 28
[2026-05-29 02:34:18.596] [INFO ] [TR] GlobalRegistry: fixed_dataset_type set to 2
[2026-05-29 02:34:18.596] [INFO ] [TR] GlobalRegistry: fixed_num_classes automatically set to 10 based on dataset type 2
[2026-05-29 02:34:18.596] [INFO ] [TR] GlobalRegistry: fixed_num_load_workers set to 1
[2026-05-29 02:34:18.596] [INFO ] [TR] GlobalRegistry: fixed_num_preproc_workers set to 4
[2026-05-29 02:34:18.596] [INFO ] [TR] GlobalRegistry: fixed_shuffle_train set to true
[2026-05-29 02:34:18.596] [INFO ] [TR] Configuring MnistLoaderRaw
[2026-05-29 02:34:18.596] [INFO ] [TR]   Preprocessor workers (M): 4
[2026-05-29 02:34:18.596] [INFO ] [TR]   Train path: T:\dataset\mnist
[2026-05-29 02:34:18.596] [INFO ] [TR]   Val path: T:\dataset\mnist
[2026-05-29 02:34:18.596] [INFO ] [TR]   Shuffle train: true
[2026-05-29 02:34:18.596] [INFO ] [TR]   Shuffle val: false
[2026-05-29 02:34:18.596] [INFO ] [TR]   Verify files: false
[2026-05-29 02:34:18.596] [INFO ] [TR] Configuration completed
[2026-05-29 02:34:18.596] [INFO ] [TR] GlobalRegistry: alterable_train_crop_output_ set to 28
[2026-05-29 02:34:18.596] [INFO ] [TR] GlobalRegistry: alterable_train_resize_output_ set to 28
[2026-05-29 02:34:18.596] [INFO ] [TR] GlobalRegistry: alterable_val_crop_output_ set to 28
[2026-05-29 02:34:18.596] [INFO ] [TR] GlobalRegistry: alterable_val_resize_output_ set to 28
[2026-05-29 02:34:18.596] [INFO ] [TR] GlobalRegistry: alterable_current_resolution_train_ set to 28
[2026-05-29 02:34:18.596] [INFO ] [TR] GlobalRegistry: alterable_current_resolution_val_ set to 28
[2026-05-29 02:34:18.596] [INFO ] [TR] GlobalRegistry: fixed_num_color_channels set to 1
[2026-05-29 02:34:18.596] [INFO ] [TR] GlobalRegistry: fixed_sdmp_factor set to 1
[2026-05-29 02:34:18.596] [INFO ] [TR] GlobalRegistry: fixed_using_cpvs set to false
[2026-05-29 02:34:18.596] [INFO ] [TR] GlobalRegistry: fixed_using_drop_last set to false
[2026-05-29 02:34:18.596] [INFO ] [TR] Setup: staging buffer = 3 MB per GPU (28x28x1, batch=300, AMP)
[2026-05-29 02:34:18.597] [INFO ] [TR] StagingBufferPool: allocated 3766784 bytes for GPU 0 using standard malloc (PC_CUDA mode)
[2026-05-29 02:34:18.597] [INFO ] [TR] StagingBufferPool: allocated 1 blocks of 3 MB each
[StagingDebug] StagingBufferPool created: blocks=1, per_block=3MB, type=normal (malloc, PC_CUDA)
[StagingDebug]   RANK[0]: GPU=0, NUMA=-1, base=0000020A4A040000, size=3766784B
[2026-05-29 02:34:18.597] [INFO ] [TR] GlobalRegistry: Staging buffer pool created with 1 blocks, 3 MB each
[2026-05-29 02:34:18.597] [INFO ] [TR] GlobalRegistry: fixed_cpu_binding_enabled set to false
[2026-05-29 02:34:18.597] [INFO ] [TR] GlobalRegistry: fixed_random_erasing_p_ set to 0
[2026-05-29 02:34:18.597] [INFO ] [TR] GlobalRegistry: fixed_train_with_rhf set to false
[2026-05-29 02:34:18.597] [INFO ] [TR] GlobalRegistry: fixed_val_with_rhf set to false
[2026-05-29 02:34:18.597] [INFO ] [TR] Calculated steps_per_epoch: 200 (total_samples: 60000, global_batch_size: 300)
[2026-05-29 02:34:18.597] [INFO ] [TR] GlobalRegistry: fixed_s_original_indices_ set with size=15000
[2026-05-29 02:34:18.597] [INFO ] [TR] [EB#0] Using StagingBufferPool RANK 0: per_zone=1883392, base=0000020A4A040000
[2026-05-29 02:34:18.597] [INFO ] [TR] [EB#0] Before staging_memory_numa_node call
[2026-05-29 02:34:18.597] [INFO ] [TR] [EB#0] After staging_memory_numa_node call, numa_node=-1
[StagingDebug] TransferStation configured: engine_id=0, numa_node=-1, workers_per_engine=4
[StagingDebug]   associated_workers=[0, 1, 2, 3]
[StagingDebug]   Zone A: labels=0000020A4A040000, data=0000020A4A040600
[StagingDebug]   Zone B: labels=0000020A4A20BD00, data=0000020A4A20C300
[StagingDebug]   transfer_size=1883392B (labels=1536B, data=1881856B)
[2026-05-29 02:34:18.597] [INFO ] [TR] [EB#0] reset_and_update(): phase=VAL, current_resolution_=28, num_color_channels_=1, current_sample_bytes_=6272
[2026-05-29 02:34:18.598] [INFO ] [TR] Preprocessor initialized.
[2026-05-29 02:34:18.598] [INFO ] [TR] GlobalRegistry: fixed_optimizer_kind set to 1

=====================================
 Mode: AMP  [FP16]
=====================================
[2026-05-29 02:34:18.598] [INFO ] [TR] Compiler::compile - starting five-phase compilation
[2026-05-29 02:34:18.598] [INFO ] [TR]   ArchPlan: 7 layers
[2026-05-29 02:34:18.598] [INFO ] [TR] Compiler: optimizer_kind=1, needs_momentum=1
[2026-05-29 02:34:18.598] [INFO ] [TR] [COMPILER] amp=1 TR_AMP_INITIAL_SCALING=1 init_scaling=1
[2026-05-29 02:34:18.598] [INFO ] [TR] [COMPILER] amp=1 TR_AMP_INITIAL_SCALING=1 init_scaling=1
[2026-05-29 02:34:18.598] [INFO ] [TR] [COMPILER] amp=1 TR_AMP_INITIAL_SCALING=1 init_scaling=1
[2026-05-29 02:34:18.598] [INFO ] [TR] [COMPILER] amp=1 TR_AMP_INITIAL_SCALING=1 init_scaling=1
[2026-05-29 02:34:18.598] [INFO ] [TR] [COMPILER] amp=1 TR_AMP_INITIAL_SCALING=1 init_scaling=1
[2026-05-29 02:34:18.598] [INFO ] [TR] [COMPILER] amp=1 TR_AMP_INITIAL_SCALING=1 init_scaling=1
[2026-05-29 02:34:18.598] [INFO ] [TR] [COMPILER] BWD l=6 kind=10 grad_id=49 prev_grad_id=49
[2026-05-29 02:34:18.598] [INFO ] [TR] [COMPILER] BWD l=5 kind=7 grad_id=39 prev_grad_id=39
[2026-05-29 02:34:18.598] [INFO ] [TR] [COMPILER] BWD l=4 kind=4 grad_id=32 prev_grad_id=32
[2026-05-29 02:34:18.598] [INFO ] [TR] [COMPILER] BWD l=3 kind=7 grad_id=29 prev_grad_id=29
[2026-05-29 02:34:18.598] [INFO ] [TR] [COMPILER] BWD l=2 kind=4 grad_id=22 prev_grad_id=22
[2026-05-29 02:34:18.598] [INFO ] [TR] [COMPILER] BWD l=1 kind=7 grad_id=19 prev_grad_id=19
[2026-05-29 02:34:18.598] [INFO ] [TR] [COMPILER] BWD l=0 kind=8 grad_id=-1 prev_grad_id=19
[2026-05-29 02:34:18.598] [INFO ] [TR] [COMPILER] DEEP[0] op=49 in=[19,25,21] out=[22]
[2026-05-29 02:34:18.598] [INFO ] [TR] [COMPILER] DEEP[1] op=17 in=[22] out=[29]
[2026-05-29 02:34:18.598] [INFO ] [TR] [COMPILER] DEEP[2] op=49 in=[29,35,31] out=[32]
[2026-05-29 02:34:18.598] [INFO ] [TR] [COMPILER] DEEP[3] op=17 in=[32] out=[39]
[2026-05-29 02:34:18.598] [INFO ] [TR] [COMPILER] DEEP[4] op=49 in=[39,45,41] out=[42]
[2026-05-29 02:34:18.598] [INFO ] [TR] [COMPILER] DEEP[5] op=86 in=[42,7,11,4] out=[8,52,51,50,9,10]
[2026-05-29 02:34:18.598] [INFO ] [TR] [COMPILER] DEEP[6] op=87 in=[49,50,52,7,4] out=[49]
[2026-05-29 02:34:18.598] [INFO ] [TR] [COMPILER] DEEP[7] op=50 in=[49,45,42,39] out=[39,43,44]
[2026-05-29 02:34:18.598] [INFO ] [TR] [COMPILER] DEEP[8] op=18 in=[39,39] out=[32]
[2026-05-29 02:34:18.598] [INFO ] [TR] [COMPILER] DEEP[9] op=50 in=[32,35,32,29] out=[29,33,34]
[2026-05-29 02:34:18.598] [INFO ] [TR] [COMPILER] DEEP[10] op=18 in=[29,29] out=[22]
[2026-05-29 02:34:18.598] [INFO ] [TR] [COMPILER] DEEP[11] op=50 in=[22,25,22,19] out=[19,23,24]
[2026-05-29 02:34:18.598] [INFO ] [TR] Compiler::compile - five-phase compilation complete
[2026-05-29 02:34:18.598] [INFO ] [TR]   Generated 6 variants
[2026-05-29 02:34:18.637] [INFO ] [backend] DeviceContext 0: created 5 non-blocking streams + per-stream cuDNN + cuBLAS handles
[2026-05-29 02:34:18.637] [INFO ] [task] Allocated 1 GPU device context(s), 13.1445 MB each
[2026-05-29 02:34:18.637] [INFO ] [graph] [B2] cuDNN warmup on rank 0 (GPU 0) for 22 unique graphs
[2026-05-29 02:34:18.637] [INFO ] [graph] [B2-DBG] warmup k=4 gid=4 node=0 op=49
[2026-05-29 02:34:18.637] [INFO ] [TR] [FC_AMP_FWD] input_ids=[19,25,21] dt_x shape={300,784,1,1} dt_w shape={512,784,1,1} dt_y shape={300,512,1,1}
[2026-05-29 02:34:18.746] [INFO ] [graph] [B2-DBG] warmup k=4 gid=4 node=1 op=17
[2026-05-29 02:34:18.746] [INFO ] [graph] [B2-DBG] warmup k=4 gid=4 node=2 op=49
[2026-05-29 02:34:18.746] [INFO ] [TR] [FC_AMP_FWD] input_ids=[29,35,31] dt_x shape={300,512,1,1} dt_w shape={256,512,1,1} dt_y shape={300,256,1,1}
[2026-05-29 02:34:18.824] [INFO ] [graph] [B2-DBG] warmup k=4 gid=4 node=3 op=17
[2026-05-29 02:34:18.824] [INFO ] [graph] [B2-DBG] warmup k=4 gid=4 node=4 op=49
[2026-05-29 02:34:18.824] [INFO ] [TR] [FC_AMP_FWD] input_ids=[39,45,41] dt_x shape={300,256,1,1} dt_w shape={10,256,1,1} dt_y shape={300,10,1,1}
[2026-05-29 02:34:18.851] [INFO ] [graph] [B2-DBG] warmup k=4 gid=4 node=5 op=86
[2026-05-29 02:34:18.851] [INFO ] [graph] [B2-DBG] warmup k=4 gid=4 node=6 op=87
[2026-05-29 02:34:18.851] [INFO ] [graph] [B2-DBG] warmup k=4 gid=4 node=7 op=50
[2026-05-29 02:34:18.933] [INFO ] [graph] [B2-DBG] warmup k=4 gid=4 node=8 op=18
[2026-05-29 02:34:18.933] [INFO ] [graph] [B2-DBG] warmup k=4 gid=4 node=9 op=50
[2026-05-29 02:34:18.933] [INFO ] [graph] [B2-DBG] warmup k=4 gid=4 node=10 op=18
[2026-05-29 02:34:18.933] [INFO ] [graph] [B2-DBG] warmup k=4 gid=4 node=11 op=50
[2026-05-29 02:34:18.934] [INFO ] [graph] [B2-DBG] warmup k=17 gid=16 node=2 op=49
[2026-05-29 02:34:18.934] [INFO ] [TR] [FC_AMP_FWD] input_ids=[19,25,21] dt_x shape={300,784,1,1} dt_w shape={512,784,1,1} dt_y shape={300,512,1,1}
[2026-05-29 02:34:18.934] [INFO ] [graph] [B2-DBG] warmup k=17 gid=16 node=3 op=17
[2026-05-29 02:34:18.934] [INFO ] [graph] [B2-DBG] warmup k=17 gid=16 node=4 op=49
[2026-05-29 02:34:18.934] [INFO ] [TR] [FC_AMP_FWD] input_ids=[29,35,31] dt_x shape={300,512,1,1} dt_w shape={256,512,1,1} dt_y shape={300,256,1,1}
[2026-05-29 02:34:18.934] [INFO ] [graph] [B2-DBG] warmup k=17 gid=16 node=5 op=17
[2026-05-29 02:34:18.934] [INFO ] [graph] [B2-DBG] warmup k=17 gid=16 node=6 op=49
[2026-05-29 02:34:18.934] [INFO ] [TR] [FC_AMP_FWD] input_ids=[39,45,41] dt_x shape={300,256,1,1} dt_w shape={10,256,1,1} dt_y shape={300,10,1,1}
[2026-05-29 02:34:18.934] [INFO ] [graph] [B2-DBG] warmup k=17 gid=16 node=7 op=89
[2026-05-29 02:34:18.934] [INFO ] [graph] [B2-DBG] warmup k=18 gid=17 node=2 op=49
[2026-05-29 02:34:18.934] [INFO ] [TR] [FC_AMP_FWD] input_ids=[19,25,21] dt_x shape={300,784,1,1} dt_w shape={512,784,1,1} dt_y shape={300,512,1,1}
[2026-05-29 02:34:18.934] [INFO ] [graph] [B2-DBG] warmup k=18 gid=17 node=3 op=17
[2026-05-29 02:34:18.934] [INFO ] [graph] [B2-DBG] warmup k=18 gid=17 node=4 op=49
[2026-05-29 02:34:18.934] [INFO ] [TR] [FC_AMP_FWD] input_ids=[29,35,31] dt_x shape={300,512,1,1} dt_w shape={256,512,1,1} dt_y shape={300,256,1,1}
[2026-05-29 02:34:18.934] [INFO ] [graph] [B2-DBG] warmup k=18 gid=17 node=5 op=17
[2026-05-29 02:34:18.934] [INFO ] [graph] [B2-DBG] warmup k=18 gid=17 node=6 op=49
[2026-05-29 02:34:18.934] [INFO ] [TR] [FC_AMP_FWD] input_ids=[39,45,41] dt_x shape={300,256,1,1} dt_w shape={10,256,1,1} dt_y shape={300,10,1,1}
[2026-05-29 02:34:18.934] [INFO ] [graph] [B2-DBG] warmup k=18 gid=17 node=7 op=89
[2026-05-29 02:34:18.934] [INFO ] [graph] [B2-DBG] warmup k=20 gid=16 node=2 op=49
[2026-05-29 02:34:18.934] [INFO ] [TR] [FC_AMP_FWD] input_ids=[19,25,21] dt_x shape={100,784,1,1} dt_w shape={512,784,1,1} dt_y shape={100,512,1,1}
[2026-05-29 02:34:19.012] [INFO ] [graph] [B2-DBG] warmup k=20 gid=16 node=3 op=17
[2026-05-29 02:34:19.012] [INFO ] [graph] [B2-DBG] warmup k=20 gid=16 node=4 op=49
[2026-05-29 02:34:19.012] [INFO ] [TR] [FC_AMP_FWD] input_ids=[29,35,31] dt_x shape={100,512,1,1} dt_w shape={256,512,1,1} dt_y shape={100,256,1,1}
[2026-05-29 02:34:19.088] [INFO ] [graph] [B2-DBG] warmup k=20 gid=16 node=5 op=17
[2026-05-29 02:34:19.088] [INFO ] [graph] [B2-DBG] warmup k=20 gid=16 node=6 op=49
[2026-05-29 02:34:19.088] [INFO ] [TR] [FC_AMP_FWD] input_ids=[39,45,41] dt_x shape={100,256,1,1} dt_w shape={10,256,1,1} dt_y shape={100,10,1,1}
[2026-05-29 02:34:19.118] [INFO ] [graph] [B2-DBG] warmup k=20 gid=16 node=7 op=89
[2026-05-29 02:34:19.118] [INFO ] [graph] [B2-DBG] warmup k=21 gid=17 node=2 op=49
[2026-05-29 02:34:19.118] [INFO ] [TR] [FC_AMP_FWD] input_ids=[19,25,21] dt_x shape={100,784,1,1} dt_w shape={512,784,1,1} dt_y shape={100,512,1,1}
[2026-05-29 02:34:19.118] [INFO ] [graph] [B2-DBG] warmup k=21 gid=17 node=3 op=17
[2026-05-29 02:34:19.118] [INFO ] [graph] [B2-DBG] warmup k=21 gid=17 node=4 op=49
[2026-05-29 02:34:19.118] [INFO ] [TR] [FC_AMP_FWD] input_ids=[29,35,31] dt_x shape={100,512,1,1} dt_w shape={256,512,1,1} dt_y shape={100,256,1,1}
[2026-05-29 02:34:19.118] [INFO ] [graph] [B2-DBG] warmup k=21 gid=17 node=5 op=17
[2026-05-29 02:34:19.118] [INFO ] [graph] [B2-DBG] warmup k=21 gid=17 node=6 op=49
[2026-05-29 02:34:19.118] [INFO ] [TR] [FC_AMP_FWD] input_ids=[39,45,41] dt_x shape={100,256,1,1} dt_w shape={10,256,1,1} dt_y shape={100,10,1,1}
[2026-05-29 02:34:19.118] [INFO ] [graph] [B2-DBG] warmup k=21 gid=17 node=7 op=89
[2026-05-29 02:34:19.118] [INFO ] [graph] [B2] cuDNN warmup completed on all 1 ranks
[2026-05-29 02:34:19.118] [INFO ] [graph] [B3] Capturing rank 0 in main thread
[2026-05-29 02:34:19.118] [INFO ] [TR] [CAPTURE-CUDA] gid=0 nodes=1
[H2D_DEBUG] rank=0 staging_base=0000020A4A040000 per_zone=1883392 label_aligned=1536 block_size=3766784 num_output_ranges=2
[H2D_DEBUG] range[0] start_region=49 end_region=49 dst_off=8582144 dst_size=1536
[H2D_DEBUG]   -> dst=0000000B0602F400 src=0000020A4A040000 src_end=0000020A4A040600 stream=00000220F40DA8B0
[H2D_DEBUG] range[1] start_region=50 end_region=50 dst_off=8583680 dst_size=1881856
[H2D_DEBUG]   -> dst=0000000B0602FA00 src=0000020A4A040600 src_end=0000020A4A20BD00 stream=00000220F40DA8B0
[2026-05-29 02:34:19.118] [INFO ] [TR] [CAPTURE-CUDA] gid=1 nodes=1
[H2D_DEBUG] rank=0 staging_base=0000020A4A040000 per_zone=1883392 label_aligned=1536 block_size=3766784 num_output_ranges=2
[H2D_DEBUG] range[0] start_region=51 end_region=51 dst_off=10465536 dst_size=1536
[H2D_DEBUG]   -> dst=0000000B061FB100 src=0000020A4A20BD00 src_end=0000020A4A20C300 stream=00000220F40DA8B0
[H2D_DEBUG] range[1] start_region=52 end_region=52 dst_off=10467072 dst_size=1881856
[H2D_DEBUG]   -> dst=0000000B061FB700 src=0000020A4A20C300 src_end=0000020A4A3D7A00 stream=00000220F40DA8B0
[2026-05-29 02:34:19.119] [INFO ] [TR] [CAPTURE-CUDA] gid=2 nodes=2
[2026-05-29 02:34:19.119] [INFO ] [TR] [CAPTURE-CUDA]   node[0] COMPUTE op=102 has_launch=1
[2026-05-29 02:34:19.119] [INFO ] [TR] [CAPTURE-CUDA]   node[1] COMPUTE op=53 has_launch=1
[2026-05-29 02:34:19.119] [INFO ] [TR] [CAPTURE-CUDA] gid=3 nodes=2
[2026-05-29 02:34:19.119] [INFO ] [TR] [CAPTURE-CUDA]   node[0] COMPUTE op=102 has_launch=1
[2026-05-29 02:34:19.119] [INFO ] [TR] [CAPTURE-CUDA]   node[1] COMPUTE op=53 has_launch=1
[2026-05-29 02:34:19.119] [INFO ] [TR] [CAPTURE-CUDA] gid=4 nodes=12
[2026-05-29 02:34:19.119] [INFO ] [TR] [CAPTURE-CUDA]   node[0] COMPUTE op=49 has_launch=1
[2026-05-29 02:34:19.119] [INFO ] [TR] [FC_AMP_FWD] input_ids=[19,25,21] dt_x shape={300,784,1,1} dt_w shape={512,784,1,1} dt_y shape={300,512,1,1}
[2026-05-29 02:34:19.119] [INFO ] [TR] [CAPTURE-CUDA]   node[1] COMPUTE op=17 has_launch=1
[2026-05-29 02:34:19.119] [INFO ] [TR] [CAPTURE-CUDA]   node[2] COMPUTE op=49 has_launch=1
[2026-05-29 02:34:19.119] [INFO ] [TR] [FC_AMP_FWD] input_ids=[29,35,31] dt_x shape={300,512,1,1} dt_w shape={256,512,1,1} dt_y shape={300,256,1,1}
[2026-05-29 02:34:19.119] [INFO ] [TR] [CAPTURE-CUDA]   node[3] COMPUTE op=17 has_launch=1
[2026-05-29 02:34:19.119] [INFO ] [TR] [CAPTURE-CUDA]   node[4] COMPUTE op=49 has_launch=1
[2026-05-29 02:34:19.119] [INFO ] [TR] [FC_AMP_FWD] input_ids=[39,45,41] dt_x shape={300,256,1,1} dt_w shape={10,256,1,1} dt_y shape={300,10,1,1}
[2026-05-29 02:34:19.119] [INFO ] [TR] [CAPTURE-CUDA]   node[5] COMPUTE op=86 has_launch=1
[2026-05-29 02:34:19.119] [INFO ] [TR] [CAPTURE-CUDA]   node[6] COMPUTE op=87 has_launch=1
[2026-05-29 02:34:19.119] [INFO ] [TR] [CAPTURE-CUDA]   node[7] COMPUTE op=50 has_launch=1
[2026-05-29 02:34:19.119] [INFO ] [TR] [CAPTURE-CUDA]   node[8] COMPUTE op=18 has_launch=1
[2026-05-29 02:34:19.119] [INFO ] [TR] [CAPTURE-CUDA]   node[9] COMPUTE op=50 has_launch=1
[2026-05-29 02:34:19.119] [INFO ] [TR] [CAPTURE-CUDA]   node[10] COMPUTE op=18 has_launch=1
[2026-05-29 02:34:19.119] [INFO ] [TR] [CAPTURE-CUDA]   node[11] COMPUTE op=50 has_launch=1
[2026-05-29 02:34:19.119] [INFO ] [TR] [CAPTURE-CUDA] gid=5 nodes=1
[2026-05-29 02:34:19.119] [INFO ] [TR] [CAPTURE-CUDA] gid=6 nodes=1
[2026-05-29 02:34:19.119] [INFO ] [TR] [CAPTURE-CUDA]   node[0] COMPUTE op=54 has_launch=1
[2026-05-29 02:34:19.119] [INFO ] [TR] [CAPTURE-CUDA] gid=7 nodes=1
[2026-05-29 02:34:19.119] [INFO ] [TR] [CAPTURE-CUDA]   node[0] COMPUTE op=54 has_launch=1
[2026-05-29 02:34:19.119] [INFO ] [TR] [CAPTURE-CUDA] gid=8 nodes=1
[2026-05-29 02:34:19.119] [INFO ] [TR] [CAPTURE-CUDA] gid=9 nodes=1
[2026-05-29 02:34:19.119] [INFO ] [TR] [CAPTURE-CUDA] gid=12 nodes=2
[2026-05-29 02:34:19.120] [INFO ] [TR] [CAPTURE-CUDA] gid=14 nodes=2
[2026-05-29 02:34:19.120] [INFO ] [TR] [CAPTURE-CUDA] gid=20 nodes=1
[2026-05-29 02:34:19.120] [INFO ] [TR] [CAPTURE-CUDA] gid=22 nodes=1
[2026-05-29 02:34:19.120] [INFO ] [TR] [CAPTURE-CUDA] gid=23 nodes=1
[2026-05-29 02:34:19.120] [INFO ] [TR] [CAPTURE-CUDA] gid=24 nodes=1
[2026-05-29 02:34:19.120] [INFO ] [TR] [CAPTURE-CUDA] gid=26 nodes=1
[2026-05-29 02:34:19.120] [INFO ] [TR] [CAPTURE-CUDA] gid=16 nodes=8
[2026-05-29 02:34:19.120] [INFO ] [TR] [CAPTURE-CUDA]   node[0] COMPUTE op=102 has_launch=1
[2026-05-29 02:34:19.120] [INFO ] [TR] [CAPTURE-CUDA]   node[1] COMPUTE op=53 has_launch=1
[2026-05-29 02:34:19.120] [INFO ] [TR] [CAPTURE-CUDA]   node[2] COMPUTE op=49 has_launch=1
[2026-05-29 02:34:19.120] [INFO ] [TR] [FC_AMP_FWD] input_ids=[19,25,21] dt_x shape={300,784,1,1} dt_w shape={512,784,1,1} dt_y shape={300,512,1,1}
[2026-05-29 02:34:19.120] [INFO ] [TR] [CAPTURE-CUDA]   node[3] COMPUTE op=17 has_launch=1
[2026-05-29 02:34:19.120] [INFO ] [TR] [CAPTURE-CUDA]   node[4] COMPUTE op=49 has_launch=1
[2026-05-29 02:34:19.120] [INFO ] [TR] [FC_AMP_FWD] input_ids=[29,35,31] dt_x shape={300,512,1,1} dt_w shape={256,512,1,1} dt_y shape={300,256,1,1}
[2026-05-29 02:34:19.120] [INFO ] [TR] [CAPTURE-CUDA]   node[5] COMPUTE op=17 has_launch=1
[2026-05-29 02:34:19.120] [INFO ] [TR] [CAPTURE-CUDA]   node[6] COMPUTE op=49 has_launch=1
[2026-05-29 02:34:19.120] [INFO ] [TR] [FC_AMP_FWD] input_ids=[39,45,41] dt_x shape={300,256,1,1} dt_w shape={10,256,1,1} dt_y shape={300,10,1,1}
[2026-05-29 02:34:19.120] [INFO ] [TR] [CAPTURE-CUDA]   node[7] COMPUTE op=89 has_launch=1
[2026-05-29 02:34:19.120] [INFO ] [TR] [CAPTURE-CUDA] gid=17 nodes=8
[2026-05-29 02:34:19.120] [INFO ] [TR] [CAPTURE-CUDA]   node[0] COMPUTE op=102 has_launch=1
[2026-05-29 02:34:19.120] [INFO ] [TR] [CAPTURE-CUDA]   node[1] COMPUTE op=53 has_launch=1
[2026-05-29 02:34:19.120] [INFO ] [TR] [CAPTURE-CUDA]   node[2] COMPUTE op=49 has_launch=1
[2026-05-29 02:34:19.120] [INFO ] [TR] [FC_AMP_FWD] input_ids=[19,25,21] dt_x shape={300,784,1,1} dt_w shape={512,784,1,1} dt_y shape={300,512,1,1}
[2026-05-29 02:34:19.120] [INFO ] [TR] [CAPTURE-CUDA]   node[3] COMPUTE op=17 has_launch=1
[2026-05-29 02:34:19.120] [INFO ] [TR] [CAPTURE-CUDA]   node[4] COMPUTE op=49 has_launch=1
[2026-05-29 02:34:19.120] [INFO ] [TR] [FC_AMP_FWD] input_ids=[29,35,31] dt_x shape={300,512,1,1} dt_w shape={256,512,1,1} dt_y shape={300,256,1,1}
[2026-05-29 02:34:19.120] [INFO ] [TR] [CAPTURE-CUDA]   node[5] COMPUTE op=17 has_launch=1
[2026-05-29 02:34:19.120] [INFO ] [TR] [CAPTURE-CUDA]   node[6] COMPUTE op=49 has_launch=1
[2026-05-29 02:34:19.120] [INFO ] [TR] [FC_AMP_FWD] input_ids=[39,45,41] dt_x shape={300,256,1,1} dt_w shape={10,256,1,1} dt_y shape={300,10,1,1}
[2026-05-29 02:34:19.120] [INFO ] [TR] [CAPTURE-CUDA]   node[7] COMPUTE op=89 has_launch=1
[2026-05-29 02:34:19.120] [INFO ] [TR] [CAPTURE-CUDA] gid=14 nodes=2
[2026-05-29 02:34:19.120] [INFO ] [TR] [CAPTURE-CUDA] gid=16 nodes=8
[2026-05-29 02:34:19.120] [INFO ] [TR] [CAPTURE-CUDA]   node[0] COMPUTE op=102 has_launch=1
[2026-05-29 02:34:19.120] [INFO ] [TR] [CAPTURE-CUDA]   node[1] COMPUTE op=53 has_launch=1
[2026-05-29 02:34:19.120] [INFO ] [TR] [CAPTURE-CUDA]   node[2] COMPUTE op=49 has_launch=1
[2026-05-29 02:34:19.120] [INFO ] [TR] [FC_AMP_FWD] input_ids=[19,25,21] dt_x shape={100,784,1,1} dt_w shape={512,784,1,1} dt_y shape={100,512,1,1}
[2026-05-29 02:34:19.120] [INFO ] [TR] [CAPTURE-CUDA]   node[3] COMPUTE op=17 has_launch=1
[2026-05-29 02:34:19.120] [INFO ] [TR] [CAPTURE-CUDA]   node[4] COMPUTE op=49 has_launch=1
[2026-05-29 02:34:19.120] [INFO ] [TR] [FC_AMP_FWD] input_ids=[29,35,31] dt_x shape={100,512,1,1} dt_w shape={256,512,1,1} dt_y shape={100,256,1,1}
[2026-05-29 02:34:19.120] [INFO ] [TR] [CAPTURE-CUDA]   node[5] COMPUTE op=17 has_launch=1
[2026-05-29 02:34:19.120] [INFO ] [TR] [CAPTURE-CUDA]   node[6] COMPUTE op=49 has_launch=1
[2026-05-29 02:34:19.120] [INFO ] [TR] [FC_AMP_FWD] input_ids=[39,45,41] dt_x shape={100,256,1,1} dt_w shape={10,256,1,1} dt_y shape={100,10,1,1}
[2026-05-29 02:34:19.120] [INFO ] [TR] [CAPTURE-CUDA]   node[7] COMPUTE op=89 has_launch=1
[2026-05-29 02:34:19.120] [INFO ] [TR] [CAPTURE-CUDA] gid=17 nodes=8
[2026-05-29 02:34:19.120] [INFO ] [TR] [CAPTURE-CUDA]   node[0] COMPUTE op=102 has_launch=1
[2026-05-29 02:34:19.120] [INFO ] [TR] [CAPTURE-CUDA]   node[1] COMPUTE op=53 has_launch=1
[2026-05-29 02:34:19.120] [INFO ] [TR] [CAPTURE-CUDA]   node[2] COMPUTE op=49 has_launch=1
[2026-05-29 02:34:19.120] [INFO ] [TR] [FC_AMP_FWD] input_ids=[19,25,21] dt_x shape={100,784,1,1} dt_w shape={512,784,1,1} dt_y shape={100,512,1,1}
[2026-05-29 02:34:19.120] [INFO ] [TR] [CAPTURE-CUDA]   node[3] COMPUTE op=17 has_launch=1
[2026-05-29 02:34:19.120] [INFO ] [TR] [CAPTURE-CUDA]   node[4] COMPUTE op=49 has_launch=1
[2026-05-29 02:34:19.120] [INFO ] [TR] [FC_AMP_FWD] input_ids=[29,35,31] dt_x shape={100,512,1,1} dt_w shape={256,512,1,1} dt_y shape={100,256,1,1}
[2026-05-29 02:34:19.120] [INFO ] [TR] [CAPTURE-CUDA]   node[5] COMPUTE op=17 has_launch=1
[2026-05-29 02:34:19.120] [INFO ] [TR] [CAPTURE-CUDA]   node[6] COMPUTE op=49 has_launch=1
[2026-05-29 02:34:19.120] [INFO ] [TR] [FC_AMP_FWD] input_ids=[39,45,41] dt_x shape={100,256,1,1} dt_w shape={10,256,1,1} dt_y shape={100,10,1,1}
[2026-05-29 02:34:19.120] [INFO ] [TR] [CAPTURE-CUDA]   node[7] COMPUTE op=89 has_launch=1
[2026-05-29 02:34:19.120] [INFO ] [graph] [B4] Warmup launching 22 graphs on rank 0
[2026-05-29 02:34:19.121] [INFO ] [graph] [B4] Warmup launch completed
[2026-05-29 02:34:19.121] [INFO ] [graph] [PRE_CAPTURE] Summary: 96 slots, 22 captured, 74 reused, 22 unique graphs, 1 ranks
[2026-05-29 02:34:19.121] [INFO ] [TR] [EXEC-TABLE] v=0 rank=0 DEEP=OK ZG=OK BWD_A=OK BWD_B=OK FWD_A=OK FWD_B=OK OPT=OK XFER_A=OK XFER_B=OK INF_A=NULL INF_B=NULL
[2026-05-29 02:34:19.121] [INFO ] [TR] [ATLAS] v=0 gid=0 atlas_idx=0
[2026-05-29 02:34:19.121] [INFO ] [TR] [ATLAS] v=0 gid=1 atlas_idx=1
[2026-05-29 02:34:19.121] [INFO ] [TR] [ATLAS] v=0 gid=2 atlas_idx=2
[2026-05-29 02:34:19.121] [INFO ] [TR] [ATLAS] v=0 gid=3 atlas_idx=3
[2026-05-29 02:34:19.121] [INFO ] [TR] [ATLAS] v=0 gid=4 atlas_idx=4
[2026-05-29 02:34:19.121] [INFO ] [TR] [ATLAS] v=0 gid=5 atlas_idx=5
[2026-05-29 02:34:19.121] [INFO ] [TR] [ATLAS] v=0 gid=6 atlas_idx=6
[2026-05-29 02:34:19.121] [INFO ] [TR] [ATLAS] v=0 gid=7 atlas_idx=7
[2026-05-29 02:34:19.122] [INFO ] [TR] [ATLAS] v=0 gid=8 atlas_idx=8
[2026-05-29 02:34:19.122] [INFO ] [TR] [ATLAS] v=0 gid=9 atlas_idx=9
[2026-05-29 02:34:19.122] [INFO ] [TR] [ATLAS] v=0 gid=12 atlas_idx=10
[2026-05-29 02:34:19.122] [INFO ] [TR] [ATLAS] v=0 gid=14 atlas_idx=11
[2026-05-29 02:34:19.122] [INFO ] [TR] [ATLAS] v=0 gid=20 atlas_idx=12
[2026-05-29 02:34:19.122] [INFO ] [TR] [ATLAS] v=0 gid=22 atlas_idx=13
[2026-05-29 02:34:19.122] [INFO ] [TR] [ATLAS] v=0 gid=23 atlas_idx=14
[2026-05-29 02:34:19.122] [INFO ] [TR] [ATLAS] v=0 gid=24 atlas_idx=15
[2026-05-29 02:34:19.122] [INFO ] [TR] [ATLAS] v=0 gid=26 atlas_idx=16
[2026-05-29 02:34:19.122] [INFO ] [TR] [EXEC-TABLE] v=1 rank=0 DEEP=OK ZG=OK BWD_A=OK BWD_B=OK FWD_A=OK FWD_B=OK OPT=OK XFER_A=OK XFER_B=OK INF_A=NULL INF_B=NULL
[2026-05-29 02:34:19.122] [INFO ] [TR] [ATLAS] v=1 gid=0 atlas_idx=0
[2026-05-29 02:34:19.122] [INFO ] [TR] [ATLAS] v=1 gid=1 atlas_idx=1
[2026-05-29 02:34:19.122] [INFO ] [TR] [ATLAS] v=1 gid=2 atlas_idx=2
[2026-05-29 02:34:19.122] [INFO ] [TR] [ATLAS] v=1 gid=3 atlas_idx=3
[2026-05-29 02:34:19.122] [INFO ] [TR] [ATLAS] v=1 gid=4 atlas_idx=4
[2026-05-29 02:34:19.122] [INFO ] [TR] [ATLAS] v=1 gid=5 atlas_idx=5
[2026-05-29 02:34:19.122] [INFO ] [TR] [ATLAS] v=1 gid=6 atlas_idx=6
[2026-05-29 02:34:19.122] [INFO ] [TR] [ATLAS] v=1 gid=7 atlas_idx=7
[2026-05-29 02:34:19.122] [INFO ] [TR] [ATLAS] v=1 gid=8 atlas_idx=8
[2026-05-29 02:34:19.122] [INFO ] [TR] [ATLAS] v=1 gid=9 atlas_idx=9
[2026-05-29 02:34:19.122] [INFO ] [TR] [ATLAS] v=1 gid=12 atlas_idx=10
[2026-05-29 02:34:19.122] [INFO ] [TR] [ATLAS] v=1 gid=14 atlas_idx=11
[2026-05-29 02:34:19.122] [INFO ] [TR] [ATLAS] v=1 gid=20 atlas_idx=12
[2026-05-29 02:34:19.122] [INFO ] [TR] [ATLAS] v=1 gid=22 atlas_idx=13
[2026-05-29 02:34:19.122] [INFO ] [TR] [ATLAS] v=1 gid=23 atlas_idx=14
[2026-05-29 02:34:19.122] [INFO ] [TR] [ATLAS] v=1 gid=24 atlas_idx=15
[2026-05-29 02:34:19.122] [INFO ] [TR] [ATLAS] v=1 gid=26 atlas_idx=16
[2026-05-29 02:34:19.122] [INFO ] [TR] [EXEC-TABLE] v=2 rank=0 DEEP=OK ZG=OK BWD_A=OK BWD_B=OK FWD_A=OK FWD_B=OK OPT=OK XFER_A=OK XFER_B=OK INF_A=NULL INF_B=NULL
[2026-05-29 02:34:19.122] [INFO ] [TR] [ATLAS] v=2 gid=0 atlas_idx=0
[2026-05-29 02:34:19.122] [INFO ] [TR] [ATLAS] v=2 gid=1 atlas_idx=1
[2026-05-29 02:34:19.122] [INFO ] [TR] [ATLAS] v=2 gid=2 atlas_idx=2
[2026-05-29 02:34:19.122] [INFO ] [TR] [ATLAS] v=2 gid=3 atlas_idx=3
[2026-05-29 02:34:19.122] [INFO ] [TR] [ATLAS] v=2 gid=4 atlas_idx=4
[2026-05-29 02:34:19.122] [INFO ] [TR] [ATLAS] v=2 gid=5 atlas_idx=5
[2026-05-29 02:34:19.122] [INFO ] [TR] [ATLAS] v=2 gid=6 atlas_idx=6
[2026-05-29 02:34:19.122] [INFO ] [TR] [ATLAS] v=2 gid=7 atlas_idx=7
[2026-05-29 02:34:19.122] [INFO ] [TR] [ATLAS] v=2 gid=8 atlas_idx=8
[2026-05-29 02:34:19.122] [INFO ] [TR] [ATLAS] v=2 gid=9 atlas_idx=9
[2026-05-29 02:34:19.122] [INFO ] [TR] [ATLAS] v=2 gid=12 atlas_idx=10
[2026-05-29 02:34:19.122] [INFO ] [TR] [ATLAS] v=2 gid=14 atlas_idx=11
[2026-05-29 02:34:19.122] [INFO ] [TR] [ATLAS] v=2 gid=20 atlas_idx=12
[2026-05-29 02:34:19.122] [INFO ] [TR] [ATLAS] v=2 gid=22 atlas_idx=13
[2026-05-29 02:34:19.122] [INFO ] [TR] [ATLAS] v=2 gid=23 atlas_idx=14
[2026-05-29 02:34:19.122] [INFO ] [TR] [ATLAS] v=2 gid=24 atlas_idx=15
[2026-05-29 02:34:19.122] [INFO ] [TR] [ATLAS] v=2 gid=26 atlas_idx=16
[2026-05-29 02:34:19.122] [INFO ] [TR] [EXEC-TABLE] v=3 rank=0 DEEP=OK ZG=OK BWD_A=OK BWD_B=OK FWD_A=OK FWD_B=OK OPT=OK XFER_A=OK XFER_B=OK INF_A=NULL INF_B=NULL
[2026-05-29 02:34:19.122] [INFO ] [TR] [ATLAS] v=3 gid=0 atlas_idx=0
[2026-05-29 02:34:19.122] [INFO ] [TR] [ATLAS] v=3 gid=1 atlas_idx=1
[2026-05-29 02:34:19.122] [INFO ] [TR] [ATLAS] v=3 gid=2 atlas_idx=2
[2026-05-29 02:34:19.122] [INFO ] [TR] [ATLAS] v=3 gid=3 atlas_idx=3
[2026-05-29 02:34:19.122] [INFO ] [TR] [ATLAS] v=3 gid=4 atlas_idx=4
[2026-05-29 02:34:19.122] [INFO ] [TR] [ATLAS] v=3 gid=5 atlas_idx=5
[2026-05-29 02:34:19.122] [INFO ] [TR] [ATLAS] v=3 gid=6 atlas_idx=6
[2026-05-29 02:34:19.122] [INFO ] [TR] [ATLAS] v=3 gid=7 atlas_idx=7
[2026-05-29 02:34:19.122] [INFO ] [TR] [ATLAS] v=3 gid=8 atlas_idx=8
[2026-05-29 02:34:19.122] [INFO ] [TR] [ATLAS] v=3 gid=9 atlas_idx=9
[2026-05-29 02:34:19.122] [INFO ] [TR] [ATLAS] v=3 gid=12 atlas_idx=10
[2026-05-29 02:34:19.122] [INFO ] [TR] [ATLAS] v=3 gid=14 atlas_idx=11
[2026-05-29 02:34:19.122] [INFO ] [TR] [ATLAS] v=3 gid=20 atlas_idx=12
[2026-05-29 02:34:19.122] [INFO ] [TR] [ATLAS] v=3 gid=22 atlas_idx=13
[2026-05-29 02:34:19.122] [INFO ] [TR] [ATLAS] v=3 gid=23 atlas_idx=14
[2026-05-29 02:34:19.122] [INFO ] [TR] [ATLAS] v=3 gid=24 atlas_idx=15
[2026-05-29 02:34:19.122] [INFO ] [TR] [ATLAS] v=3 gid=26 atlas_idx=16
[2026-05-29 02:34:19.122] [INFO ] [TR] [EXEC-TABLE] v=4 rank=0 DEEP=NULL ZG=NULL BWD_A=NULL BWD_B=NULL FWD_A=NULL FWD_B=NULL OPT=NULL XFER_A=OK XFER_B=OK INF_A=OK INF_B=OK
[2026-05-29 02:34:19.122] [INFO ] [TR] [ATLAS] v=4 gid=0 atlas_idx=0
[2026-05-29 02:34:19.122] [INFO ] [TR] [ATLAS] v=4 gid=1 atlas_idx=1
[2026-05-29 02:34:19.122] [INFO ] [TR] [ATLAS] v=4 gid=5 atlas_idx=5
[2026-05-29 02:34:19.122] [INFO ] [TR] [ATLAS] v=4 gid=8 atlas_idx=8
[2026-05-29 02:34:19.122] [INFO ] [TR] [ATLAS] v=4 gid=9 atlas_idx=9
[2026-05-29 02:34:19.122] [INFO ] [TR] [ATLAS] v=4 gid=12 atlas_idx=10
[2026-05-29 02:34:19.122] [INFO ] [TR] [ATLAS] v=4 gid=14 atlas_idx=11
[2026-05-29 02:34:19.122] [INFO ] [TR] [ATLAS] v=4 gid=16 atlas_idx=17
[2026-05-29 02:34:19.122] [INFO ] [TR] [ATLAS] v=4 gid=17 atlas_idx=18
[2026-05-29 02:34:19.122] [INFO ] [TR] [ATLAS] v=4 gid=20 atlas_idx=12
[2026-05-29 02:34:19.122] [INFO ] [TR] [ATLAS] v=4 gid=22 atlas_idx=13
[2026-05-29 02:34:19.122] [INFO ] [TR] [ATLAS] v=4 gid=23 atlas_idx=14
[2026-05-29 02:34:19.122] [INFO ] [TR] [ATLAS] v=4 gid=24 atlas_idx=15
[2026-05-29 02:34:19.122] [INFO ] [TR] [ATLAS] v=4 gid=26 atlas_idx=16
[2026-05-29 02:34:19.122] [INFO ] [TR] [EXEC-TABLE] v=5 rank=0 DEEP=NULL ZG=NULL BWD_A=NULL BWD_B=NULL FWD_A=NULL FWD_B=NULL OPT=NULL XFER_A=OK XFER_B=OK INF_A=OK INF_B=OK
[2026-05-29 02:34:19.122] [INFO ] [TR] [ATLAS] v=5 gid=0 atlas_idx=0
[2026-05-29 02:34:19.122] [INFO ] [TR] [ATLAS] v=5 gid=1 atlas_idx=1
[2026-05-29 02:34:19.122] [INFO ] [TR] [ATLAS] v=5 gid=5 atlas_idx=5
[2026-05-29 02:34:19.122] [INFO ] [TR] [ATLAS] v=5 gid=8 atlas_idx=8
[2026-05-29 02:34:19.122] [INFO ] [TR] [ATLAS] v=5 gid=9 atlas_idx=9
[2026-05-29 02:34:19.122] [INFO ] [TR] [ATLAS] v=5 gid=12 atlas_idx=10
[2026-05-29 02:34:19.122] [INFO ] [TR] [ATLAS] v=5 gid=14 atlas_idx=19
[2026-05-29 02:34:19.122] [INFO ] [TR] [ATLAS] v=5 gid=16 atlas_idx=20
[2026-05-29 02:34:19.122] [INFO ] [TR] [ATLAS] v=5 gid=17 atlas_idx=21
[2026-05-29 02:34:19.122] [INFO ] [TR] [ATLAS] v=5 gid=20 atlas_idx=12
[2026-05-29 02:34:19.122] [INFO ] [TR] [ATLAS] v=5 gid=22 atlas_idx=13
[2026-05-29 02:34:19.122] [INFO ] [TR] [ATLAS] v=5 gid=23 atlas_idx=14
[2026-05-29 02:34:19.122] [INFO ] [TR] [ATLAS] v=5 gid=24 atlas_idx=15
[2026-05-29 02:34:19.122] [INFO ] [TR] [ATLAS] v=5 gid=26 atlas_idx=16
[2026-05-29 02:34:19.122] [INFO ] [TR] [DEBUG] init_all: dtensors count=53
[2026-05-29 02:34:19.122] [INFO ] [TR] [DEBUG] dtensor[0] id=0 region=49 shape=[300,1,1,1] init=0
[2026-05-29 02:34:19.122] [INFO ] [TR] [DEBUG] dtensor[1] id=1 region=50 shape=[300,28,28,1] init=0
[2026-05-29 02:34:19.122] [INFO ] [TR] [DEBUG] dtensor[2] id=2 region=51 shape=[300,1,1,1] init=0
[2026-05-29 02:34:19.122] [INFO ] [TR] [DEBUG] dtensor[3] id=3 region=52 shape=[300,28,28,1] init=0
[2026-05-29 02:34:19.122] [INFO ] [TR] [DEBUG] dtensor[4] id=4 region=64 shape=[300,1,1,1] init=0
[2026-05-29 02:34:19.122] [INFO ] [TR] [DEBUG] dtensor[5] id=5 region=59 shape=[1,1,1,1] init=1
[2026-05-29 02:34:19.122] [INFO ] [TR] [DEBUG] dtensor[6] id=6 region=57 shape=[1,1,1,1] init=0
[2026-05-29 02:34:19.122] [INFO ] [TR] [DEBUG] dtensor[7] id=7 region=57 shape=[1,1,1,1] init=2
[2026-05-29 02:34:19.122] [INFO ] [TR] [DEBUG] dtensor[8] id=8 region=30 shape=[1,1,1,1] init=1
[2026-05-29 02:34:19.122] [INFO ] [TR] [DEBUG] dtensor[9] id=9 region=30 shape=[1,1,1,1] init=1
[2026-05-29 02:34:19.122] [INFO ] [TR] [DEBUG] dtensor[10] id=10 region=30 shape=[1,1,1,1] init=1
[2026-05-29 02:34:19.122] [INFO ] [TR] [DEBUG] dtensor[11] id=11 region=59 shape=[1,1,1,1] init=0
[2026-05-29 02:34:19.122] [INFO ] [TR] [DEBUG] dtensor[12] id=12 region=59 shape=[1,1,1,1] init=0
[2026-05-29 02:34:19.122] [INFO ] [TR] [DEBUG] dtensor[13] id=13 region=59 shape=[1,1,1,1] init=0
[2026-05-29 02:34:19.122] [INFO ] [TR] [DEBUG] dtensor[14] id=14 region=67 shape=[1,1,1,1] init=0
[2026-05-29 02:34:19.122] [INFO ] [TR] [DEBUG] dtensor[15] id=15 region=67 shape=[1,1,1,1] init=0
[2026-05-29 02:34:19.122] [INFO ] [TR] [DEBUG] dtensor[16] id=16 region=67 shape=[1,1,1,1] init=0
[2026-05-29 02:34:19.122] [INFO ] [TR] [DEBUG] dtensor[17] id=17 region=57 shape=[1,1,1,1] init=2
[2026-05-29 02:34:19.122] [INFO ] [TR] [DEBUG] dtensor[18] id=18 region=57 shape=[1,1,1,1] init=2
[2026-05-29 02:34:19.122] [INFO ] [TR] [DEBUG] dtensor[19] id=19 region=55 shape=[300,1,1,784] init=0
[2026-05-29 02:34:19.122] [INFO ] [TR] [DEBUG] dtensor[20] id=20 region=9 shape=[512,1,1,784] init=4
[2026-05-29 02:34:19.122] [INFO ] [TR] [DEBUG] dtensor[21] id=21 region=8 shape=[1,1,1,512] init=1
[2026-05-29 02:34:19.122] [INFO ] [TR] [DEBUG] dtensor[22] id=22 region=55 shape=[300,1,1,512] init=0
[2026-05-29 02:34:19.122] [INFO ] [TR] [DEBUG] dtensor[23] id=23 region=27 shape=[512,1,1,784] init=0
[2026-05-29 02:34:19.122] [INFO ] [TR] [DEBUG] dtensor[24] id=24 region=26 shape=[1,1,1,512] init=1
[2026-05-29 02:34:19.122] [INFO ] [TR] [DEBUG] dtensor[25] id=25 region=21 shape=[512,1,1,784] init=0
[2026-05-29 02:34:19.122] [INFO ] [TR] [DEBUG] dtensor[26] id=26 region=31 shape=[512,1,1,784] init=0
[2026-05-29 02:34:19.122] [INFO ] [TR] [DEBUG] dtensor[27] id=27 region=37 shape=[512,1,1,784] init=0
[2026-05-29 02:34:19.122] [INFO ] [TR] [DEBUG] dtensor[28] id=28 region=36 shape=[1,1,1,512] init=0
[2026-05-29 02:34:19.122] [INFO ] [TR] [DEBUG] dtensor[29] id=29 region=55 shape=[300,1,1,512] init=0
[2026-05-29 02:34:19.122] [INFO ] [TR] [DEBUG] dtensor[30] id=30 region=9 shape=[256,1,1,512] init=4
[2026-05-29 02:34:19.122] [INFO ] [TR] [DEBUG] dtensor[31] id=31 region=8 shape=[1,1,1,256] init=1
[2026-05-29 02:34:19.122] [INFO ] [TR] [DEBUG] dtensor[32] id=32 region=55 shape=[300,1,1,256] init=0
[2026-05-29 02:34:19.122] [INFO ] [TR] [DEBUG] dtensor[33] id=33 region=27 shape=[256,1,1,512] init=0
[2026-05-29 02:34:19.122] [INFO ] [TR] [DEBUG] dtensor[34] id=34 region=26 shape=[1,1,1,256] init=1
[2026-05-29 02:34:19.122] [INFO ] [TR] [DEBUG] dtensor[35] id=35 region=21 shape=[256,1,1,512] init=0
[2026-05-29 02:34:19.122] [INFO ] [TR] [DEBUG] dtensor[36] id=36 region=31 shape=[256,1,1,512] init=0
[2026-05-29 02:34:19.122] [INFO ] [TR] [DEBUG] dtensor[37] id=37 region=37 shape=[256,1,1,512] init=0
[2026-05-29 02:34:19.122] [INFO ] [TR] [DEBUG] dtensor[38] id=38 region=36 shape=[1,1,1,256] init=0
[2026-05-29 02:34:19.122] [INFO ] [TR] [DEBUG] dtensor[39] id=39 region=55 shape=[300,1,1,256] init=0
[2026-05-29 02:34:19.122] [INFO ] [TR] [DEBUG] dtensor[40] id=40 region=9 shape=[10,1,1,256] init=4
[2026-05-29 02:34:19.122] [INFO ] [TR] [DEBUG] dtensor[41] id=41 region=8 shape=[1,1,1,10] init=1
[2026-05-29 02:34:19.122] [INFO ] [TR] [DEBUG] dtensor[42] id=42 region=55 shape=[300,1,1,10] init=0
[2026-05-29 02:34:19.122] [INFO ] [TR] [DEBUG] dtensor[43] id=43 region=27 shape=[10,1,1,256] init=0
[2026-05-29 02:34:19.122] [INFO ] [TR] [DEBUG] dtensor[44] id=44 region=26 shape=[1,1,1,10] init=1
[2026-05-29 02:34:19.122] [INFO ] [TR] [DEBUG] dtensor[45] id=45 region=21 shape=[10,1,1,256] init=0
[2026-05-29 02:34:19.122] [INFO ] [TR] [DEBUG] dtensor[46] id=46 region=31 shape=[10,1,1,256] init=0
[2026-05-29 02:34:19.122] [INFO ] [TR] [DEBUG] dtensor[47] id=47 region=37 shape=[10,1,1,256] init=0
[2026-05-29 02:34:19.122] [INFO ] [TR] [DEBUG] dtensor[48] id=48 region=36 shape=[1,1,1,10] init=0
[2026-05-29 02:34:19.122] [INFO ] [TR] [DEBUG] dtensor[49] id=49 region=55 shape=[300,1,1,10] init=0
[2026-05-29 02:34:19.122] [INFO ] [TR] [DEBUG] dtensor[50] id=50 region=62 shape=[300,1,1,10] init=0
[2026-05-29 02:34:19.122] [INFO ] [TR] [DEBUG] dtensor[51] id=51 region=66 shape=[300,1,1,1] init=0
[2026-05-29 02:34:19.122] [INFO ] [TR] [DEBUG] dtensor[52] id=52 region=57 shape=[1,1,1,1] init=0
[INIT-CHECK] rank=0 scaling=1.000000 (id=7, offset=13762048, ptr=0000000B0651FE00) lr=0.000000 (id=6)
[2026-05-29 02:34:19.127] [INFO ] [TR] 
========== COMPILE DIAGNOSTICS ==========
[2026-05-29 02:34:19.127] [INFO ] [TR] --- ArchPlan ---
[2026-05-29 02:34:19.128] [INFO ] [TR] ArchPlan: 7 layers, first_layer_index=0
Input: [1, 28, 28, 1]
----------------------------------------------------------
   0  Flatten                  [1, 28, 28, 1]         [1, 1, 1, 784]         [FIRST] 
   1  FC                       [1, 1, 1, 784]         [1, 1, 1, 512]          out=512 bias=1
   2  Tanh                     [1, 1, 1, 512]         [1, 1, 1, 512]          
   3  FC                       [1, 1, 1, 512]         [1, 1, 1, 256]          out=256 bias=1
   4  Tanh                     [1, 1, 1, 256]         [1, 1, 1, 256]          
   5  FC                       [1, 1, 1, 256]         [1, 1, 1, 10]           out=10 bias=1
   6  SoftmaxCE                [1, 1, 1, 10]          [1, 1, 1, 10]           classes=10

[2026-05-29 02:34:19.128] [INFO ] [TR] --- MemoryPlan ---
[2026-05-29 02:34:19.128] [INFO ] [TR] MemoryPlan Layout (total_bytes=13783040)
===============================================
Region [W_FC_BIAS]  ID=8  offset=0  bytes=4608
-----------------------------------------------
  Tensor[id=21]: offset=0,  bytes=2560,  dtype=FP32,  shape=[1,1,1,512]
  Tensor[id=31]: offset=2560,  bytes=1536,  dtype=FP32,  shape=[1,1,1,256]
  Tensor[id=41]: offset=4096,  bytes=512,  dtype=FP32,  shape=[1,1,1,10]
-----------------------------------------------
===============================================
Region [W_FC_WEIGHT]  ID=9  offset=4608  bytes=2141696
-----------------------------------------------
  Tensor[id=20]: offset=4608,  bytes=1606144,  dtype=FP32,  shape=[512,1,1,784]
  Tensor[id=30]: offset=1610752,  bytes=524800,  dtype=FP32,  shape=[256,1,1,512]
  Tensor[id=40]: offset=2135552,  bytes=10752,  dtype=FP32,  shape=[10,1,1,256]
-----------------------------------------------
===============================================
Region [A_FC_WEIGHT]  ID=21  offset=2146304  bytes=1070848
-----------------------------------------------
  Tensor[id=25]: offset=2146304,  bytes=803072,  dtype=FP16,  shape=[512,1,1,784]
  Tensor[id=35]: offset=2949376,  bytes=262400,  dtype=FP16,  shape=[256,1,1,512]
  Tensor[id=45]: offset=3211776,  bytes=5376,  dtype=FP16,  shape=[10,1,1,256]
-----------------------------------------------
===============================================
Region [G_FC_BIAS]  ID=26  offset=3217152  bytes=4608
-----------------------------------------------
  Tensor[id=24]: offset=3217152,  bytes=2560,  dtype=FP32,  shape=[1,1,1,512]
  Tensor[id=34]: offset=3219712,  bytes=1536,  dtype=FP32,  shape=[1,1,1,256]
  Tensor[id=44]: offset=3221248,  bytes=512,  dtype=FP32,  shape=[1,1,1,10]
-----------------------------------------------
===============================================
Region [G_FC_WEIGHT]  ID=27  offset=3221760  bytes=2141696
-----------------------------------------------
  Tensor[id=23]: offset=3221760,  bytes=1606144,  dtype=FP32,  shape=[512,1,1,784]
  Tensor[id=33]: offset=4827904,  bytes=524800,  dtype=FP32,  shape=[256,1,1,512]
  Tensor[id=43]: offset=5352704,  bytes=10752,  dtype=FP32,  shape=[10,1,1,256]
-----------------------------------------------
===============================================
Region [R_RESULT]  ID=30  offset=5363456  bytes=1536
-----------------------------------------------
  Tensor[id=8]: offset=5363456,  bytes=512,  dtype=FP32,  shape=[1,1,1,1]
  Tensor[id=9]: offset=5363968,  bytes=512,  dtype=FP32,  shape=[1,1,1,1]
  Tensor[id=10]: offset=5364480,  bytes=512,  dtype=FP32,  shape=[1,1,1,1]
-----------------------------------------------
===============================================
Region [G_FC_WEIGHT_FP16]  ID=31  offset=5364992  bytes=1070848
-----------------------------------------------
  Tensor[id=26]: offset=5364992,  bytes=803072,  dtype=FP16,  shape=[512,1,1,784]
  Tensor[id=36]: offset=6168064,  bytes=262400,  dtype=FP16,  shape=[256,1,1,512]
  Tensor[id=46]: offset=6430464,  bytes=5376,  dtype=FP16,  shape=[10,1,1,256]
-----------------------------------------------
===============================================
Region [M_FC_BIAS]  ID=36  offset=6435840  bytes=4608
-----------------------------------------------
  Tensor[id=28]: offset=6435840,  bytes=2560,  dtype=FP32,  shape=[1,1,1,512]
  Tensor[id=38]: offset=6438400,  bytes=1536,  dtype=FP32,  shape=[1,1,1,256]
  Tensor[id=48]: offset=6439936,  bytes=512,  dtype=FP32,  shape=[1,1,1,10]
-----------------------------------------------
===============================================
Region [M_FC_WEIGHT]  ID=37  offset=6440448  bytes=2141696
-----------------------------------------------
  Tensor[id=27]: offset=6440448,  bytes=1606144,  dtype=FP32,  shape=[512,1,1,784]
  Tensor[id=37]: offset=8046592,  bytes=524800,  dtype=FP32,  shape=[256,1,1,512]
  Tensor[id=47]: offset=8571392,  bytes=10752,  dtype=FP32,  shape=[10,1,1,256]
-----------------------------------------------
===============================================
Region [I_A_LABEL]  ID=49  offset=8582144  bytes=1536
-----------------------------------------------
  Tensor[id=0]: offset=8582144,  bytes=1536,  dtype=INT32,  shape=[300,1,1,1]
-----------------------------------------------
===============================================
Region [I_A_DATA]  ID=50  offset=8583680  bytes=1881856
-----------------------------------------------
  Tensor[id=1]: offset=8583680,  bytes=1881856,  dtype=FP16,  shape=[300,28,28,1]
-----------------------------------------------
===============================================
Region [I_B_LABEL]  ID=51  offset=10465536  bytes=1536
-----------------------------------------------
  Tensor[id=2]: offset=10465536,  bytes=1536,  dtype=INT32,  shape=[300,1,1,1]
-----------------------------------------------
===============================================
Region [I_B_DATA]  ID=52  offset=10467072  bytes=1881856
-----------------------------------------------
  Tensor[id=3]: offset=10467072,  bytes=1881856,  dtype=FP16,  shape=[300,28,28,1]
-----------------------------------------------
===============================================
Region [F_FEATURE_FP16]  ID=55  offset=12348928  bytes=1412608
-----------------------------------------------
  Tensor[id=19]: offset=12348928,  bytes=470528,  dtype=FP16,  shape=[300,1,1,784]
  Tensor[id=22]: offset=12819456,  bytes=307456,  dtype=FP16,  shape=[300,1,1,512]
  Tensor[id=29]: offset=13126912,  bytes=307456,  dtype=FP16,  shape=[300,1,1,512]
  Tensor[id=32]: offset=13434368,  bytes=153856,  dtype=FP16,  shape=[300,1,1,256]
  Tensor[id=39]: offset=13588224,  bytes=153856,  dtype=FP16,  shape=[300,1,1,256]
  Tensor[id=42]: offset=13742080,  bytes=9728,  dtype=FP16,  shape=[300,1,1,10]
  Tensor[id=49]: offset=13751808,  bytes=9728,  dtype=FP16,  shape=[300,1,1,10]
-----------------------------------------------
===============================================
Region [S_SCALAR_FP32]  ID=57  offset=13761536  bytes=2560
-----------------------------------------------
  Tensor[id=6]: offset=13761536,  bytes=512,  dtype=FP32,  shape=[1,1,1,1]
  Tensor[id=7]: offset=13762048,  bytes=512,  dtype=FP32,  shape=[1,1,1,1]
  Tensor[id=17]: offset=13762560,  bytes=512,  dtype=FP32,  shape=[1,1,1,1]
  Tensor[id=18]: offset=13763072,  bytes=512,  dtype=FP32,  shape=[1,1,1,1]
  Tensor[id=52]: offset=13763584,  bytes=512,  dtype=FP32,  shape=[1,1,1,1]
-----------------------------------------------
===============================================
Region [S_SCALAR_INT32]  ID=59  offset=13764096  bytes=2048
-----------------------------------------------
  Tensor[id=5]: offset=13764096,  bytes=512,  dtype=INT32,  shape=[1,1,1,1]
  Tensor[id=11]: offset=13764608,  bytes=512,  dtype=INT32,  shape=[1,1,1,1]
  Tensor[id=12]: offset=13765120,  bytes=512,  dtype=INT32,  shape=[1,1,1,1]
  Tensor[id=13]: offset=13765632,  bytes=512,  dtype=INT32,  shape=[1,1,1,1]
-----------------------------------------------
===============================================
Region [T_TEMP_FP32]  ID=62  offset=13766144  bytes=12288
-----------------------------------------------
  Tensor[id=50]: offset=13766144,  bytes=12288,  dtype=FP32,  shape=[300,1,1,10]
-----------------------------------------------
===============================================
Region [T_TEMP_INT32]  ID=64  offset=13778432  bytes=1536
-----------------------------------------------
  Tensor[id=4]: offset=13778432,  bytes=1536,  dtype=INT32,  shape=[300,1,1,1]
-----------------------------------------------
===============================================
Region [R_PREDICTED_LABEL]  ID=66  offset=13779968  bytes=1536
-----------------------------------------------
  Tensor[id=51]: offset=13779968,  bytes=1536,  dtype=INT32,  shape=[300,1,1,1]
-----------------------------------------------
===============================================
Region [R_RESULT_ACCUMULATED]  ID=67  offset=13781504  bytes=1536
-----------------------------------------------
  Tensor[id=14]: offset=13781504,  bytes=512,  dtype=FP32,  shape=[1,1,1,1]
  Tensor[id=15]: offset=13782016,  bytes=512,  dtype=FP32,  shape=[1,1,1,1]
  Tensor[id=16]: offset=13782528,  bytes=512,  dtype=FP32,  shape=[1,1,1,1]
-----------------------------------------------
===============================================

[2026-05-29 02:34:19.128] [INFO ] [TR] --- Train ComputationGraph ---
[2026-05-29 02:34:19.128] [INFO ] [TR] === ComputationGraph Debug Dump ===
[GraphId 0 / TRANSFER_A] 1 nodes:
  RANGE_H2D_COPY_A outputs=[R49], [R50]
[GraphId 1 / TRANSFER_B] 1 nodes:
  RANGE_H2D_COPY_B outputs=[R51], [R52]
[GraphId 2 / FIRST_LAYER_FWD_A] 2 nodes:
  UNKNOWN inputs=[0] outputs=[4]
  FLATTEN_AMP_FWD inputs=[1] outputs=[19]
[GraphId 3 / FIRST_LAYER_FWD_B] 2 nodes:
  UNKNOWN inputs=[2] outputs=[4]
  FLATTEN_AMP_FWD inputs=[3] outputs=[19]
[GraphId 4 / DEEP_FWD_BWD] 12 nodes:
  FC_AMP_FWD inputs=[19, 25, 21] outputs=[22]
  TANH_AMP_FWD inputs=[22] outputs=[29]
  FC_AMP_FWD inputs=[29, 35, 31] outputs=[32]
  TANH_AMP_FWD inputs=[32] outputs=[39]
  FC_AMP_FWD inputs=[39, 45, 41] outputs=[42]
  SOFTMAX_CE_AMP_FWD inputs=[42, 7, 11, 4] outputs=[8, 52, 51, 50, 9, 10]
  SOFTMAX_CE_AMP_BWD inputs=[49, 50, 52, 7, 4] outputs=[49]
  FC_AMP_BWD inputs=[49, 45, 42, 39] outputs=[39, 43, 44]
  TANH_AMP_BWD inputs=[39, 39] outputs=[32]
  FC_AMP_BWD inputs=[32, 35, 32, 29] outputs=[29, 33, 34]
  TANH_AMP_BWD inputs=[29, 29] outputs=[22]
  FC_AMP_BWD inputs=[22, 25, 22, 19] outputs=[19, 23, 24]
[GraphId 5 / ZERO_GRAD] 1 nodes:
  RANGE_CLEAR outputs=[R24 - R33]
[GraphId 6 / FIRST_LAYER_BWD_A] 1 nodes:
  FLATTEN_AMP_BWD inputs=[19] outputs=[1]
[GraphId 7 / FIRST_LAYER_BWD_B] 1 nodes:
  FLATTEN_AMP_BWD inputs=[19] outputs=[3]
[GraphId 8 / FIRST_COMM] 1 nodes:
  RANGE_SUM_ALLREDUCE inputs=[R24 - R28] outputs=[R24 - R28]
[GraphId 9 / DEEP_COMM] 1 nodes:
  RANGE_SUM_ALLREDUCE inputs=[R29 - R30] outputs=[R29 - R30]
[GraphId 12 / NAN_CHECK_AND_GRAD_SCALING] 2 nodes:
  RANGE_CHECK_NAN inputs=[R24 - R29] outputs=[5]
  RANGE_GRAD_SCALING outputs=
[GraphId 14 / OPTIMIZER] 2 nodes:
  RANGE_UPDATE_WEIGHT_MOMENTUM inputs=[R9 - R11], [R27 - R29], [R37 - R39] outputs=[R9 - R11], [R37 - R39]
  RANGE_UPDATE_BIAS_MOMENTUM inputs=[R6 - R8], [R24 - R26], [R34 - R36] outputs=[R6 - R8], [R34 - R36]
[GraphId 20 / CAST_MAIN_FP32_TO_FP16] 1 nodes:
  RANGE_CAST_FP32_TO_FP16 inputs=[R9 - R11] outputs=[R21 - R23]
[GraphId 22 / ACCUM_METRICS] 1 nodes:
  RANGE_ACCUM_METRICS outputs=[14, 15, 16]
[GraphId 23 / ACCUM_METRICS_TRAIN_LAST] 1 nodes:
  RANGE_ACCUM_METRICS outputs=[14, 15, 16]
[GraphId 24 / ACCUM_METRICS_VAL_LAST] 1 nodes:
  RANGE_ACCUM_METRICS outputs=[14, 15, 16]
[GraphId 26 / CLEAR_METRICS] 1 nodes:
  RANGE_CLEAR outputs=[R67]

[2026-05-29 02:34:19.128] [INFO ] [TR] --- Inference ComputationGraph ---
[2026-05-29 02:34:19.128] [INFO ] [TR] === ComputationGraph Debug Dump ===
[GraphId 16 / INF_MAIN_A] 8 nodes:
  UNKNOWN inputs=[0] outputs=[4]
  FLATTEN_AMP_FWD inputs=[1] outputs=[19]
  FC_AMP_FWD inputs=[19, 25, 21] outputs=[22]
  TANH_AMP_FWD inputs=[22] outputs=[29]
  FC_AMP_FWD inputs=[29, 35, 31] outputs=[32]
  TANH_AMP_FWD inputs=[32] outputs=[39]
  FC_AMP_FWD inputs=[39, 45, 41] outputs=[42]
  SOFTMAX_CE_AMP_INF inputs=[42, 7, 11, 4] outputs=[8, 52, 51, 50, 9, 10]
[GraphId 17 / INF_MAIN_B] 8 nodes:
  UNKNOWN inputs=[2] outputs=[4]
  FLATTEN_AMP_FWD inputs=[3] outputs=[19]
  FC_AMP_FWD inputs=[19, 25, 21] outputs=[22]
  TANH_AMP_FWD inputs=[22] outputs=[29]
  FC_AMP_FWD inputs=[29, 35, 31] outputs=[32]
  TANH_AMP_FWD inputs=[32] outputs=[39]
  FC_AMP_FWD inputs=[39, 45, 41] outputs=[42]
  SOFTMAX_CE_AMP_INF inputs=[42, 7, 11, 4] outputs=[8, 52, 51, 50, 9, 10]
[GraphId 25 / VAL_RESULT_COMM] 1 nodes:
  RANGE_SUM_ALLREDUCE inputs=[R67] outputs=[R67]

[2026-05-29 02:34:19.128] [INFO ] [TR] =========================================

[2026-05-29 02:34:19.128] [INFO ] [TR] ==================================================
[2026-05-29 02:34:19.128] [INFO ] [TR]  Tech-Renaissance Training Started
[2026-05-29 02:34:19.128] [INFO ] [TR] --------------------------------------------------
[2026-05-29 02:34:19.128] [INFO ] [TR]  GPU IDs: [0]
[2026-05-29 02:34:19.128] [INFO ] [TR]  Local batch size: 300
[2026-05-29 02:34:19.128] [INFO ] [TR]  World size: 1
[2026-05-29 02:34:19.128] [INFO ] [TR]  Total batch size: 300
[2026-05-29 02:34:19.128] [INFO ] [TR]  Total epochs: 3
[2026-05-29 02:34:19.128] [INFO ] [TR]  AMP: enabled
[2026-05-29 02:34:19.128] [INFO ] [TR]  SEMA: disabled
[2026-05-29 02:34:19.128] [INFO ] [TR]  Validate every: 1 epochs, offset: 0
[2026-05-29 02:34:19.128] [INFO ] [TR]  Early stop by Top-1: 0.999
[2026-05-29 02:34:19.128] [INFO ] [TR] ==================================================
[2026-05-29 02:34:19.128] [INFO ] [TR] GlobalRegistry initialized successfully
[2026-05-29 02:34:19.128] [INFO ] [TR] Beginning epoch 0 (train)
[2026-05-29 02:34:19.128] [INFO ] [TR] Dataset not loaded, loading now
[2026-05-29 02:34:19.128] [INFO ] [TR] Loading train set (RAW format): T:\dataset\mnist
[2026-05-29 02:34:19.128] [INFO ] [TR]   Image file: T:\dataset\mnist/train-images-idx3-ubyte
[2026-05-29 02:34:19.128] [INFO ] [TR]   Label file: T:\dataset\mnist/train-labels-idx1-ubyte
[2026-05-29 02:34:19.128] [INFO ] [TR]   Label file magic: 2049
[2026-05-29 02:34:19.128] [INFO ] [TR]   Number of labels: 60000
[2026-05-29 02:34:19.129] [INFO ] [TR]   Image file magic: 2051
[2026-05-29 02:34:19.129] [INFO ] [TR]   Image size: 28x28
[2026-05-29 02:34:19.157] [INFO ] [TR]   Samples: 60000
[2026-05-29 02:34:19.157] [INFO ] [TR]   Labels: 58.5938 KB
[2026-05-29 02:34:19.157] [INFO ] [TR]   Images: 44.8608 MB
[2026-05-29 02:34:19.162] [INFO ] [TR] Loading completed in 0.0338732 seconds
[2026-05-29 02:34:19.162] [INFO ] [TR] Average bandwidth: 1326.06 MB/s
[2026-05-29 02:34:19.162] [INFO ] [TR] Registering SampleInfo for train set
[2026-05-29 02:34:19.163] [INFO ] [TR] SampleInfo registration completed: 60000 samples
[2026-05-29 02:34:19.163] [INFO ] [TR] Performing global shuffle with seed: 0
[2026-05-29 02:34:19.164] [INFO ] [TR] Global shuffle completed
[2026-05-29 02:34:19.164] [INFO ] [TR] Distributing 60000 samples to 4 workers
[2026-05-29 02:34:19.165] [INFO ] [TR] Distribution completed: total=60000, expected=60000
[2026-05-29 02:34:19.165] [INFO ] [TR] Epoch 0 began (SampleInfo mode)
[2026-05-29 02:34:19.165] [INFO ] [TR] [EB#0] reset_and_update(): phase=TRAIN, current_resolution_=28, num_color_channels_=1, current_sample_bytes_=6272
[2026-05-29 02:34:19.277] [INFO ] [TR] [DIAG-WORKER] pid=3 wkr=3 lbl=9 fout_ptr=0000020A4A044F80 | raw: first_nz=205 nz=142 [3,255] | norm: first_nz=0 nz=784 [0,6.55724e-41]
[2026-05-29 02:34:19.277] [INFO ] [TR] [DIAG-WORKER] pid=3 wkr=3 lbl=8 fout_ptr=0000020A4A04B180 | raw: first_nz=122 nz=163 [2,255] | norm: first_nz=0 nz=784 [0,6.55724e-41]
[2026-05-29 02:34:19.277] [INFO ] [TR] [DIAG-WORKER] pid=0 wkr=0 lbl=4 fout_ptr=0000020A4A040600 | raw: first_nz=151 nz=150 [5,255] | norm: first_nz=0 nz=784 [0,6.55724e-41]
[2026-05-29 02:34:19.277] [INFO ] [TR] [DIAG-WORKER] pid=3 wkr=3 lbl=6 fout_ptr=0000020A4A051380 | raw: first_nz=123 nz=192 [5,255] | norm: first_nz=0 nz=784 [0,6.55724e-41]
[2026-05-29 02:34:19.277] [INFO ] [TR] [DIAG-WORKER] pid=0 wkr=0 lbl=8 fout_ptr=0000020A4A046800 | raw: first_nz=152 nz=202 [64,255] | norm: first_nz=0 nz=784 [0,6.55724e-41]
[2026-05-29 02:34:19.390] [INFO ] [TR] Preprocessor completed: 60000 total samples
[2026-05-29 02:34:19.390] [INFO ] [TR] Total buffers processed: 1
[2026-05-29 02:34:19.390] [INFO ] [TR] Total epoch time: 0.224656 seconds
[2026-05-29 02:34:19.390] [INFO ] [TR] Ending epoch 0
[2026-05-29 02:34:19.390] [INFO ] [TR] Epoch ended
[2026-05-29 02:34:19.390] [INFO ] [TR] Beginning epoch 0 (val)
[2026-05-29 02:34:19.391] [INFO ] [TR] Dataset not loaded, loading now
[2026-05-29 02:34:19.391] [INFO ] [TR] Loading val set (RAW format): T:\dataset\mnist
[2026-05-29 02:34:19.391] [INFO ] [TR]   Image file: T:\dataset\mnist/t10k-images-idx3-ubyte
[2026-05-29 02:34:19.391] [INFO ] [TR]   Label file: T:\dataset\mnist/t10k-labels-idx1-ubyte
[2026-05-29 02:34:19.391] [INFO ] [TR]   Label file magic: 2049
[2026-05-29 02:34:19.391] [INFO ] [TR]   Number of labels: 10000
[2026-05-29 02:34:19.391] [INFO ] [TR]   Image file magic: 2051
[2026-05-29 02:34:19.391] [INFO ] [TR]   Image size: 28x28
[2026-05-29 02:34:19.399] [INFO ] [TR]   Samples: 10000
[2026-05-29 02:34:19.399] [INFO ] [TR]   Labels: 9.76562 KB
[2026-05-29 02:34:19.399] [INFO ] [TR]   Images: 7.47681 MB
[2026-05-29 02:34:19.400] [INFO ] [TR] Loading completed in 0.0093904 seconds
[2026-05-29 02:34:19.400] [INFO ] [TR] Average bandwidth: 797.234 MB/s
[2026-05-29 02:34:19.400] [INFO ] [TR] Registering SampleInfo for val set
[2026-05-29 02:34:19.400] [INFO ] [TR] SampleInfo registration completed: 10000 samples
[2026-05-29 02:34:19.400] [INFO ] [TR] Distributing 10000 samples to 4 workers
[2026-05-29 02:34:19.400] [INFO ] [TR] Distribution completed: total=10000, expected=10000
[2026-05-29 02:34:19.400] [INFO ] [TR] Epoch 0 began (SampleInfo mode)
[2026-05-29 02:34:19.400] [INFO ] [TR] [EB#0] reset_and_update(): phase=VAL, current_resolution_=28, num_color_channels_=1, current_sample_bytes_=6272
[2026-05-29 02:34:19.563] [INFO ] [TR] Preprocessor completed: 10000 total samples
[2026-05-29 02:34:19.563] [INFO ] [TR] Total buffers processed: 1
[2026-05-29 02:34:19.563] [INFO ] [TR] Total epoch time: 0.162583 seconds
[2026-05-29 02:34:19.563] [INFO ] [TR] Ending epoch 0
[2026-05-29 02:34:19.563] [INFO ] [TR] Epoch ended
[2026-05-29 02:34:19.564] [INFO ] [TR] [VAL] loss=0.141761 top1=95.53% top5=99.84%
[2026-05-29 02:34:19.564] [INFO ] [TR]      1 |     0.2836 |     0.1418 |     95.53% |     0.100000 |     0.4s
[2026-05-29 02:34:19.565] [INFO ] [TR] Beginning epoch 1 (train)
[2026-05-29 02:34:19.565] [INFO ] [TR] Performing global shuffle with seed: 1
[2026-05-29 02:34:19.567] [INFO ] [TR] Global shuffle completed
[2026-05-29 02:34:19.567] [INFO ] [TR] Distributing 60000 samples to 4 workers
[2026-05-29 02:34:19.567] [INFO ] [TR] Distribution completed: total=60000, expected=60000
[2026-05-29 02:34:19.567] [INFO ] [TR] Epoch 1 began (SampleInfo mode)
[2026-05-29 02:34:19.567] [INFO ] [TR] [EB#0] reset_and_update(): phase=TRAIN, current_resolution_=28, num_color_channels_=1, current_sample_bytes_=6272
[2026-05-29 02:34:19.768] [INFO ] [TR] Preprocessor completed: 60000 total samples
[2026-05-29 02:34:19.768] [INFO ] [TR] Total buffers processed: 1
[2026-05-29 02:34:19.768] [INFO ] [TR] Total epoch time: 0.201329 seconds
[2026-05-29 02:34:19.768] [INFO ] [TR] Ending epoch 1
[2026-05-29 02:34:19.768] [INFO ] [TR] Epoch ended
[2026-05-29 02:34:19.769] [INFO ] [TR] Beginning epoch 1 (val)
[2026-05-29 02:34:19.769] [INFO ] [TR] Distributing 10000 samples to 4 workers
[2026-05-29 02:34:19.769] [INFO ] [TR] Distribution completed: total=10000, expected=10000
[2026-05-29 02:34:19.769] [INFO ] [TR] Epoch 1 began (SampleInfo mode)
[2026-05-29 02:34:19.769] [INFO ] [TR] [EB#0] reset_and_update(): phase=VAL, current_resolution_=28, num_color_channels_=1, current_sample_bytes_=6272
[2026-05-29 02:34:19.928] [INFO ] [TR] Preprocessor completed: 10000 total samples
[2026-05-29 02:34:19.928] [INFO ] [TR] Total buffers processed: 1
[2026-05-29 02:34:19.928] [INFO ] [TR] Total epoch time: 0.159193 seconds
[2026-05-29 02:34:19.928] [INFO ] [TR] Ending epoch 1
[2026-05-29 02:34:19.928] [INFO ] [TR] Epoch ended
[2026-05-29 02:34:19.929] [INFO ] [TR] [VAL] loss=0.0864308 top1=97.13% top5=99.94%
[2026-05-29 02:34:19.929] [INFO ] [TR]      2 |     0.0982 |     0.0864 |     97.13% |     0.100000 |     0.4s
[2026-05-29 02:34:19.929] [INFO ] [TR] Beginning epoch 2 (train)
[2026-05-29 02:34:19.929] [INFO ] [TR] Performing global shuffle with seed: 2
[2026-05-29 02:34:19.935] [INFO ] [TR] Global shuffle completed
[2026-05-29 02:34:19.935] [INFO ] [TR] Distributing 60000 samples to 4 workers
[2026-05-29 02:34:19.935] [INFO ] [TR] Distribution completed: total=60000, expected=60000
[2026-05-29 02:34:19.935] [INFO ] [TR] Epoch 2 began (SampleInfo mode)
[2026-05-29 02:34:19.936] [INFO ] [TR] [EB#0] reset_and_update(): phase=TRAIN, current_resolution_=28, num_color_channels_=1, current_sample_bytes_=6272
[2026-05-29 02:34:20.133] [INFO ] [TR] Preprocessor completed: 60000 total samples
[2026-05-29 02:34:20.133] [INFO ] [TR] Total buffers processed: 1
[2026-05-29 02:34:20.133] [INFO ] [TR] Total epoch time: 0.197676 seconds
[2026-05-29 02:34:20.133] [INFO ] [TR] Ending epoch 2
[2026-05-29 02:34:20.133] [INFO ] [TR] Epoch ended
[2026-05-29 02:34:20.133] [INFO ] [TR] Beginning epoch 2 (val)
[2026-05-29 02:34:20.133] [INFO ] [TR] Distributing 10000 samples to 4 workers
[2026-05-29 02:34:20.133] [INFO ] [TR] Distribution completed: total=10000, expected=10000
[2026-05-29 02:34:20.133] [INFO ] [TR] Epoch 2 began (SampleInfo mode)
[2026-05-29 02:34:20.133] [INFO ] [TR] [EB#0] reset_and_update(): phase=VAL, current_resolution_=28, num_color_channels_=1, current_sample_bytes_=6272
[2026-05-29 02:34:20.294] [INFO ] [TR] Preprocessor completed: 10000 total samples
[2026-05-29 02:34:20.294] [INFO ] [TR] Total buffers processed: 1
[2026-05-29 02:34:20.294] [INFO ] [TR] Total epoch time: 0.160356 seconds
[2026-05-29 02:34:20.294] [INFO ] [TR] Ending epoch 2
[2026-05-29 02:34:20.294] [INFO ] [TR] Epoch ended
[2026-05-29 02:34:20.296] [INFO ] [TR] [VAL] loss=0.0817824 top1=97.37% top5=99.95%
[2026-05-29 02:34:20.296] [INFO ] [TR]      3 |     0.0595 |     0.0818 |     97.37% |     0.100000 |     0.4s
[2026-05-29 02:34:20.296] [INFO ] [TR] ==================================================
[2026-05-29 02:34:20.296] [INFO ] [TR]  Training Complete
[2026-05-29 02:34:20.296] [INFO ] [TR] --------------------------------------------------
[2026-05-29 02:34:20.296] [INFO ] [TR]  Best Val Top-1: 97.37%
[2026-05-29 02:34:20.296] [INFO ] [TR]  Best Epoch: 3
[2026-05-29 02:34:20.296] [INFO ] [TR]  Total Time: 0h 0m 1s
[2026-05-29 02:34:20.296] [INFO ] [TR] ==================================================

=====================================
 Mode: AMP  [FP16]
 Best Top-1: 97.37%
 Best Epoch: 3
 Time: 1.17 s
=====================================
PASS
[2026-05-29 02:34:20.299] [INFO ] [TR] MnistLoaderRaw destroying...
[2026-05-29 02:34:20.299] [INFO ] [TR] Freeing dataset: train
[2026-05-29 02:34:20.301] [INFO ] [TR] Freeing dataset: val
[2026-05-29 02:34:20.301] [INFO ] [TR] MnistLoaderRaw destroyed
